#
# A fatal error has been detected by the Java Runtime Environment:
#
#  SIGBUS (0xa) at pc=0x0000000110c74605, pid=1822, tid=0x0000000000005303
#
# JRE version: OpenJDK Runtime Environment (8.0_152-b01) (build 1.8.0_152-release-1024-b01)
# Java VM: OpenJDK 64-Bit Server VM (25.152-b01 mixed mode bsd-amd64 compressed oops)
# Problematic frame:
# V  [libjvm.dylib+0x474605]
#
# Failed to write core dump. Core dumps have been disabled. To enable core dumping, try "ulimit -c unlimited" before starting Java again
#
# If you would like to submit a bug report, please visit:
#   http://bugreport.java.com/bugreport/crash.jsp
#

---------------  T H R E A D  ---------------

Current thread (0x00007fe6b2802000):  GCTaskThread [stack: 0x000070000d9b8000,0x000070000dab8000] [id=21251]

siginfo: si_signo: 10 (SIGBUS), si_code: 2 (BUS_ADRERR), si_addr: 0x00000007fdc18108

Registers:
RAX=0x00000000ffb83021, RBX=0x00000007b5ca1c1c, RCX=0x0000000000000003, RDX=0x0000000000000003
RSP=0x000070000dab7b80, RBP=0x000070000dab7b80, RSI=0x00000007b5ca1c1c, RDI=0x00007fe6b201db40
R8 =0x0000000110fe1df0, R9 =0x0000000000000000, R10=0x00000007fdc18108, R11=0xfffffffff8089ab0
R12=0x00007fe6b201db40, R13=0x0000000110ff83c8, R14=0x00000007b5ca1c18, R15=0x00000007c04e2048
RIP=0x0000000110c74605, EFLAGS=0x0000000000010202, ERR=0x0000000000000004
  TRAPNO=0x000000000000000e

Top of Stack: (sp=0x000070000dab7b80)
0x000070000dab7b80:   000070000dab7bf0 0000000110a98067
0x000070000dab7b90:   00000007b59abf90 00000007b5c98291
0x000070000dab7ba0:   000070000dab7bf0 0000000110c2994f
0x000070000dab7bb0:   00000007c04e2048 00000007b5ca1c04
0x000070000dab7bc0:   00000007b5ca1c08 00000007b5ca1c08
0x000070000dab7bd0:   0000000000000004 0000000000000015
0x000070000dab7be0:   0000000000000000 00000007bdc18158
0x000070000dab7bf0:   000070000dab7c70 0000000110c767ea
0x000070000dab7c00:   00000007b5c9ad70 0000000000001000
0x000070000dab7c10:   000000076696cba8 0000000000000400
0x000070000dab7c20:   00000007bdbf6a72 00007fe6b201db68
0x000070000dab7c30:   000000000000001d 00007fe6b201db40
0x000070000dab7c40:   0000000000000004 00000007b5ca1c01
0x000070000dab7c50:   0000000110ff2dfb 00007fe6b201db40
0x000070000dab7c60:   00000007b5ca1c00 0000000110fe1df0
0x000070000dab7c70:   000070000dab7ca0 0000000110c73cfe
0x000070000dab7c80:   00000007b5ca1c01 0000000110ff7680
0x000070000dab7c90:   00007fe6b201dba0 00007fe6b201dbd8
0x000070000dab7ca0:   000070000dab7cf0 0000000110c73b8e
0x000070000dab7cb0:   00000007c0017470 00000007b5ca1c01
0x000070000dab7cc0:   000000076320ffe8 0000000763210000
0x000070000dab7cd0:   0000000111641081 0000000111641081
0x000070000dab7ce0:   0000000763210000 0000000000000240
0x000070000dab7cf0:   000070000dab7d90 0000000110942077
0x000070000dab7d00:   0000000763210000 0000000111641001
0x000070000dab7d10:   0000000111641000 0000000000000200
0x000070000dab7d20:   0000000111641080 000000011164d0dc
0x000070000dab7d30:   000000011164d0db 0000000764a1b6d8
0x000070000dab7d40:   0000000000000000 00007fe6b201db40
0x000070000dab7d50:   0000000763200018 00007fe6b1c13fb0
0x000070000dab7d60:   00007fe6b1c14230 00007fe6b1e03740
0x000070000dab7d70:   00007fe6b1e03740 0000000110da46d4 

Instructions: (pc=0x0000000110c74605)
0x0000000110c745e5:   48 89 e5 48 85 f6 0f 84 da 00 00 00 4c 8d 05 f8
0x0000000110c745f5:   d7 36 00 4d 8b 08 41 8b 48 08 44 8b 16 49 d3 e2
0x0000000110c74605:   4b 8b 14 0a 83 e2 03 b8 03 00 00 00 48 39 c2 75
0x0000000110c74615:   5f 4b 8b 04 11 4c 8d 15 11 a7 35 00 89 c2 83 e2 

Register to memory mapping:

RAX=0x00000000ffb83021 is an unknown value
RBX=0x00000007b5ca1c1c is an unknown value
RCX=0x0000000000000003 is an unknown value
RDX=0x0000000000000003 is an unknown value
RSP=0x000070000dab7b80 is an unknown value
RBP=0x000070000dab7b80 is an unknown value
RSI=0x00000007b5ca1c1c is an unknown value
RDI=0x00007fe6b201db40 is an unknown value
R8 =0x0000000110fe1df0: _ZN8Universe11_narrow_oopE+0 in /Applications/Android Studio.app/Contents/jre/jdk/Contents/Home/jre/lib/server/libjvm.dylib at 0x0000000110800000
R9 =0x0000000000000000 is an unknown value
R10=0x00000007fdc18108 is an unknown value
R11=0xfffffffff8089ab0 is an unknown value
R12=0x00007fe6b201db40 is an unknown value
R13=0x0000000110ff83c8: _ZN10PSScavenge37_young_generation_boundary_compressedE+0 in /Applications/Android Studio.app/Contents/jre/jdk/Contents/Home/jre/lib/server/libjvm.dylib at 0x0000000110800000
R14=0x00000007b5ca1c18 is an unknown value
R15=0x00000007c04e2048 is pointing into metadata


Stack: [0x000070000d9b8000,0x000070000dab8000],  sp=0x000070000dab7b80,  free space=1022k
Native frames: (J=compiled Java code, j=interpreted, Vv=VM code, C=native code)
V  [libjvm.dylib+0x474605]
V  [libjvm.dylib+0x298067]
V  [libjvm.dylib+0x4767ea]
V  [libjvm.dylib+0x473cfe]
V  [libjvm.dylib+0x473b8e]
V  [libjvm.dylib+0x142077]
V  [libjvm.dylib+0x4771af]
V  [libjvm.dylib+0x254928]
V  [libjvm.dylib+0x435709]
C  [libsystem_pthread.dylib+0x36c1]  _pthread_body+0x154
C  [libsystem_pthread.dylib+0x356d]  _pthread_body+0x0
C  [libsystem_pthread.dylib+0x2c5d]  thread_start+0xd


---------------  P R O C E S S  ---------------

Java Threads: ( => current thread )
  0x00007fe6b39b1800 JavaThread "RMI RenewClean-[localhost:49670,org.jetbrains.kotlin.daemon.common.LoopbackNetworkInterface$ClientLoopbackSocketFactory@41cbfe89]" daemon [_thread_blocked, id=3083, stack(0x000070000ecf1000,0x000070000edf1000)]
  0x00007fe6b686b000 JavaThread "RMI RenewClean-[localhost:49670,org.jetbrains.kotlin.daemon.common.LoopbackNetworkInterface$ClientLoopbackSocketFactory@62b35cd5]" daemon [_thread_blocked, id=41475, stack(0x000070000edf4000,0x000070000eef4000)]
  0x00007fe6b30f3800 JavaThread "RMI RenewClean-[localhost:49670,org.jetbrains.kotlin.daemon.common.LoopbackNetworkInterface$ClientLoopbackSocketFactory@30ae527e]" daemon [_thread_blocked, id=41987, stack(0x000070000ebee000,0x000070000ecee000)]
  0x00007fe6b39b9800 JavaThread "RMI Scheduler(0)" daemon [_thread_blocked, id=42755, stack(0x000070000e9e8000,0x000070000eae8000)]
  0x00007fe6b2846800 JavaThread "DestroyJavaVM" [_thread_blocked, id=6147, stack(0x000070000d5ac000,0x000070000d6ac000)]
  0x00007fe6b30c7000 JavaThread "GC Daemon" daemon [_thread_blocked, id=15363, stack(0x000070000e7e2000,0x000070000e8e2000)]
  0x00007fe6b3104800 JavaThread "RMI Reaper" [_thread_blocked, id=14851, stack(0x000070000e6df000,0x000070000e7df000)]
  0x00007fe6b20ca800 JavaThread "Timer-0" daemon [_thread_blocked, id=16387, stack(0x000070000e4d9000,0x000070000e5d9000)]
  0x00007fe6b30d7000 JavaThread "RMI TCP Accept-17105" daemon [_thread_in_native, id=16643, stack(0x000070000e3d6000,0x000070000e4d6000)]
  0x00007fe6b2824000 JavaThread "Service Thread" daemon [_thread_blocked, id=13571, stack(0x000070000e1d0000,0x000070000e2d0000)]
  0x00007fe6b303b000 JavaThread "C1 CompilerThread2" daemon [_thread_blocked, id=17155, stack(0x000070000e0cd000,0x000070000e1cd000)]
  0x00007fe6b303a800 JavaThread "C2 CompilerThread1" daemon [_thread_blocked, id=13059, stack(0x000070000dfca000,0x000070000e0ca000)]
  0x00007fe6b2813000 JavaThread "C2 CompilerThread0" daemon [_thread_blocked, id=12547, stack(0x000070000dec7000,0x000070000dfc7000)]
  0x00007fe6b3010000 JavaThread "Signal Dispatcher" daemon [_thread_blocked, id=17671, stack(0x000070000ddc4000,0x000070000dec4000)]
  0x00007fe6b300c800 JavaThread "Finalizer" daemon [_thread_blocked, id=11523, stack(0x000070000dcc1000,0x000070000ddc1000)]
  0x00007fe6b2806800 JavaThread "Reference Handler" daemon [_thread_blocked, id=20483, stack(0x000070000dbbe000,0x000070000dcbe000)]

Other Threads:
  0x00007fe6b201e000 VMThread [stack: 0x000070000dabb000,0x000070000dbbb000] [id=20995]
  0x00007fe6b203e800 WatcherThread [stack: 0x000070000e2d3000,0x000070000e3d3000] [id=14083]

=>0x00007fe6b2802000 (exited) GCTaskThread [stack: 0x000070000d9b8000,0x000070000dab8000] [id=21251]

VM state:at safepoint (normal execution)

VM Mutex/Monitor currently owned by a thread:  ([mutex/lock_event])
[0x00007fe6b1f02940] Threads_lock - owner thread: 0x00007fe6b201e000
[0x00007fe6b1f02e40] Heap_lock - owner thread: 0x00007fe6b30c7000

Heap:
 PSYoungGen      total 415744K, used 122859K [0x00000007a0000000, 0x00000007bf480000, 0x00000007c0000000)
  eden space 344064K, 14% used [0x00000007a0000000,0x00000007a31feed0,0x00000007b5000000)
  from space 71680K, 99% used [0x00000007ba200000,0x00000007be7fbf18,0x00000007be800000)
  to   space 83968K, 17% used [0x00000007b5000000,0x00000007b5e42d70,0x00000007ba200000)
 ParOldGen       total 262656K, used 111234K [0x0000000760000000, 0x0000000770080000, 0x00000007a0000000)
  object space 262656K, 42% used [0x0000000760000000,0x0000000766ca0bb8,0x0000000770080000)
 Metaspace       used 74290K, capacity 76186K, committed 76456K, reserved 1116160K
  class space    used 8398K, capacity 8838K, committed 8872K, reserved 1048576K

Card table byte_map: [0x0000000111628000,0x0000000111929000] byte_map_base: 0x000000010db28000

Marking Bits: (ParMarkBitMap*) 0x0000000110ff81c8
 Begin Bits: [0x0000000120ee2000, 0x00000001226e2000)
 End Bits:   [0x00000001226e2000, 0x0000000123ee2000)

Polling page: 0x000000010ff53000

CodeCache: size=245760Kb used=48866Kb max_used=49496Kb free=196893Kb
 bounds [0x0000000111ee2000, 0x0000000114fc2000, 0x0000000120ee2000]
 total_blobs=15866 nmethods=15300 adapters=477
 compilation: enabled

Compilation events (10 events):
Event: 1901.984 Thread 0x00007fe6b303b000 18782       3       java.util.HashMap::entrySet (27 bytes)
Event: 1901.985 Thread 0x00007fe6b303b000 nmethod 18782 0x00000001124b8d90 code [0x00000001124b8f20, 0x00000001124b92d0]
Event: 2243.407 Thread 0x00007fe6b303b000 18783       3       java.util.concurrent.atomic.AtomicLong::get (5 bytes)
Event: 2243.408 Thread 0x00007fe6b303b000 nmethod 18783 0x0000000113079610 code [0x0000000113079760, 0x00000001130798b0]
Event: 3143.676 Thread 0x00007fe6b303b000 18784       1       java.security.Provider$Service::getProvider (5 bytes)
Event: 3143.676 Thread 0x00007fe6b303b000 nmethod 18784 0x00000001124b8ad0 code [0x00000001124b8c20, 0x00000001124b8d30]
Event: 3357.469 Thread 0x00007fe6b303a800 18785   !   4       org.jetbrains.kotlin.daemon.CompileServiceImpl$state$1::cleanDeadClients (401 bytes)
Event: 3357.527 Thread 0x00007fe6b303a800 nmethod 18785 0x0000000113af7810 code [0x0000000113af7ba0, 0x0000000113af9e20]
Event: 3503.699 Thread 0x00007fe6b303b000 18786       3       java.security.MessageDigestSpi::<init> (5 bytes)
Event: 3503.699 Thread 0x00007fe6b303b000 nmethod 18786 0x0000000113af7450 code [0x0000000113af75c0, 0x0000000113af7770]

GC Heap History (10 events):
Event: 17.780 GC heap after
Heap after GC invocations=13 (full 3):
 PSYoungGen      total 269824K, used 18392K [0x00000007a0000000, 0x00000007b3580000, 0x00000007c0000000)
  eden space 226816K, 0% used [0x00000007a0000000,0x00000007a0000000,0x00000007add80000)
  from space 43008K, 42% used [0x00000007b0b80000,0x00000007b1d76148,0x00000007b3580000)
  to   space 45056K, 0% used [0x00000007add80000,0x00000007add80000,0x00000007b0980000)
 ParOldGen       total 262656K, used 51189K [0x0000000760000000, 0x0000000770080000, 0x00000007a0000000)
  object space 262656K, 19% used [0x0000000760000000,0x00000007631fd4c0,0x0000000770080000)
 Metaspace       used 62617K, capacity 63718K, committed 64040K, reserved 1105920K
  class space    used 7403K, capacity 7705K, committed 7720K, reserved 1048576K
}
Event: 20.549 GC heap before
{Heap before GC invocations=14 (full 3):
 PSYoungGen      total 269824K, used 245208K [0x00000007a0000000, 0x00000007b3580000, 0x00000007c0000000)
  eden space 226816K, 100% used [0x00000007a0000000,0x00000007add80000,0x00000007add80000)
  from space 43008K, 42% used [0x00000007b0b80000,0x00000007b1d76148,0x00000007b3580000)
  to   space 45056K, 0% used [0x00000007add80000,0x00000007add80000,0x00000007b0980000)
 ParOldGen       total 262656K, used 51189K [0x0000000760000000, 0x0000000770080000, 0x00000007a0000000)
  object space 262656K, 19% used [0x0000000760000000,0x00000007631fd4c0,0x0000000770080000)
 Metaspace       used 66446K, capacity 68048K, committed 68136K, reserved 1110016K
  class space    used 7813K, capacity 8222K, committed 8232K, reserved 1048576K
Event: 20.610 GC heap after
Heap after GC invocations=14 (full 3):
 PSYoungGen      total 271872K, used 45029K [0x00000007a0000000, 0x00000007b8500000, 0x00000007c0000000)
  eden space 226816K, 0% used [0x00000007a0000000,0x00000007a0000000,0x00000007add80000)
  from space 45056K, 99% used [0x00000007add80000,0x00000007b0979538,0x00000007b0980000)
  to   space 54272K, 0% used [0x00000007b5000000,0x00000007b5000000,0x00000007b8500000)
 ParOldGen       total 262656K, used 60529K [0x0000000760000000, 0x0000000770080000, 0x00000007a0000000)
  object space 262656K, 23% used [0x0000000760000000,0x0000000763b1c420,0x0000000770080000)
 Metaspace       used 66446K, capacity 68048K, committed 68136K, reserved 1110016K
  class space    used 7813K, capacity 8222K, committed 8232K, reserved 1048576K
}
Event: 24.071 GC heap before
{Heap before GC invocations=15 (full 3):
 PSYoungGen      total 271872K, used 271845K [0x00000007a0000000, 0x00000007b8500000, 0x00000007c0000000)
  eden space 226816K, 100% used [0x00000007a0000000,0x00000007add80000,0x00000007add80000)
  from space 45056K, 99% used [0x00000007add80000,0x00000007b0979538,0x00000007b0980000)
  to   space 54272K, 0% used [0x00000007b5000000,0x00000007b5000000,0x00000007b8500000)
 ParOldGen       total 262656K, used 60529K [0x0000000760000000, 0x0000000770080000, 0x00000007a0000000)
  object space 262656K, 23% used [0x0000000760000000,0x0000000763b1c420,0x0000000770080000)
 Metaspace       used 67800K, capacity 69400K, committed 69544K, reserved 1110016K
  class space    used 7893K, capacity 8300K, committed 8360K, reserved 1048576K
Event: 24.125 GC heap after
Heap after GC invocations=15 (full 3):
 PSYoungGen      total 334336K, used 54256K [0x00000007a0000000, 0x00000007b9680000, 0x00000007c0000000)
  eden space 280064K, 0% used [0x00000007a0000000,0x00000007a0000000,0x00000007b1180000)
  from space 54272K, 99% used [0x00000007b5000000,0x00000007b84fc320,0x00000007b8500000)
  to   space 64000K, 0% used [0x00000007b1180000,0x00000007b1180000,0x00000007b5000000)
 ParOldGen       total 262656K, used 65708K [0x0000000760000000, 0x0000000770080000, 0x00000007a0000000)
  object space 262656K, 25% used [0x0000000760000000,0x000000076402b158,0x0000000770080000)
 Metaspace       used 67800K, capacity 69400K, committed 69544K, reserved 1110016K
  class space    used 7893K, capacity 8300K, committed 8360K, reserved 1048576K
}
Event: 27.190 GC heap before
{Heap before GC invocations=16 (full 3):
 PSYoungGen      total 334336K, used 334320K [0x00000007a0000000, 0x00000007b9680000, 0x00000007c0000000)
  eden space 280064K, 100% used [0x00000007a0000000,0x00000007b1180000,0x00000007b1180000)
  from space 54272K, 99% used [0x00000007b5000000,0x00000007b84fc320,0x00000007b8500000)
  to   space 64000K, 0% used [0x00000007b1180000,0x00000007b1180000,0x00000007b5000000)
 ParOldGen       total 262656K, used 65708K [0x0000000760000000, 0x0000000770080000, 0x00000007a0000000)
  object space 262656K, 25% used [0x0000000760000000,0x000000076402b158,0x0000000770080000)
 Metaspace       used 72495K, capacity 74282K, committed 74536K, reserved 1116160K
  class space    used 8232K, capacity 8657K, committed 8744K, reserved 1048576K
Event: 27.249 GC heap after
Heap after GC invocations=16 (full 3):
 PSYoungGen      total 344064K, used 60214K [0x00000007a0000000, 0x00000007be800000, 0x00000007c0000000)
  eden space 280064K, 0% used [0x00000007a0000000,0x00000007a0000000,0x00000007b1180000)
  from space 64000K, 94% used [0x00000007b1180000,0x00000007b4c4d860,0x00000007b5000000)
  to   space 71680K, 0% used [0x00000007ba200000,0x00000007ba200000,0x00000007be800000)
 ParOldGen       total 262656K, used 70906K [0x0000000760000000, 0x0000000770080000, 0x00000007a0000000)
  object space 262656K, 26% used [0x0000000760000000,0x000000076453e888,0x0000000770080000)
 Metaspace       used 72495K, capacity 74282K, committed 74536K, reserved 1116160K
  class space    used 8232K, capacity 8657K, committed 8744K, reserved 1048576K
}
Event: 586.126 GC heap before
{Heap before GC invocations=17 (full 3):
 PSYoungGen      total 344064K, used 340278K [0x00000007a0000000, 0x00000007be800000, 0x00000007c0000000)
  eden space 280064K, 100% used [0x00000007a0000000,0x00000007b1180000,0x00000007b1180000)
  from space 64000K, 94% used [0x00000007b1180000,0x00000007b4c4d860,0x00000007b5000000)
  to   space 71680K, 0% used [0x00000007ba200000,0x00000007ba200000,0x00000007be800000)
 ParOldGen       total 262656K, used 70906K [0x0000000760000000, 0x0000000770080000, 0x00000007a0000000)
  object space 262656K, 26% used [0x0000000760000000,0x000000076453e888,0x0000000770080000)
 Metaspace       used 74177K, capacity 75994K, committed 76200K, reserved 1116160K
  class space    used 8385K, capacity 8838K, committed 8872K, reserved 1048576K
Event: 586.201 GC heap after
Heap after GC invocations=17 (full 3):
 PSYoungGen      total 415744K, used 71663K [0x00000007a0000000, 0x00000007bf480000, 0x00000007c0000000)
  eden space 344064K, 0% used [0x00000007a0000000,0x00000007a0000000,0x00000007b5000000)
  from space 71680K, 99% used [0x00000007ba200000,0x00000007be7fbf18,0x00000007be800000)
  to   space 83968K, 0% used [0x00000007b5000000,0x00000007b5000000,0x00000007ba200000)
 ParOldGen       total 262656K, used 75885K [0x0000000760000000, 0x0000000770080000, 0x00000007a0000000)
  object space 262656K, 28% used [0x0000000760000000,0x0000000764a1b6d8,0x0000000770080000)
 Metaspace       used 74177K, capacity 75994K, committed 76200K, reserved 1116160K
  class space    used 8385K, capacity 8838K, committed 8872K, reserved 1048576K
}
Event: 3614.407 GC heap before
{Heap before GC invocations=18 (full 3):
 PSYoungGen      total 415744K, used 122859K [0x00000007a0000000, 0x00000007bf480000, 0x00000007c0000000)
  eden space 344064K, 14% used [0x00000007a0000000,0x00000007a31feed0,0x00000007b5000000)
  from space 71680K, 99% used [0x00000007ba200000,0x00000007be7fbf18,0x00000007be800000)
  to   space 83968K, 0% used [0x00000007b5000000,0x00000007b5000000,0x00000007ba200000)
 ParOldGen       total 262656K, used 75885K [0x0000000760000000, 0x0000000770080000, 0x00000007a0000000)
  object space 262656K, 28% used [0x0000000760000000,0x0000000764a1b6d8,0x0000000770080000)
 Metaspace       used 74290K, capacity 76186K, committed 76456K, reserved 1116160K
  class space    used 8398K, capacity 8838K, committed 8872K, reserved 1048576K

Deoptimization events (10 events):
Event: 585.346 Thread 0x00007fe6b5a66800 Uncommon trap: reason=class_check action=maybe_recompile pc=0x0000000112a3bb88 method=sun.misc.URLClassPath.getLoader(I)Lsun/misc/URLClassPath$Loader; @ 94
Event: 585.346 Thread 0x00007fe6b5a66800 Uncommon trap: reason=unstable_if action=reinterpret pc=0x000000011253ac48 method=java.lang.String.regionMatches(ZILjava/lang/String;II)Z @ 41
Event: 585.425 Thread 0x00007fe6b5a66800 Uncommon trap: reason=bimorphic action=maybe_recompile pc=0x0000000112b79f60 method=org.jetbrains.kotlin.protobuf.CodedOutputStream.refreshBuffer()V @ 28
Event: 585.822 Thread 0x00007fe6b69df000 Uncommon trap: reason=class_check action=maybe_recompile pc=0x000000011264c344 method=org.jetbrains.kotlin.com.intellij.lang.impl.PsiBuilderImpl.skipWhitespace()V @ 72
Event: 586.201 Thread 0x00007fe6b2806800 Uncommon trap: reason=unstable_if action=reinterpret pc=0x0000000112b3df08 method=java.lang.ref.Reference.tryHandlePending(Z)Z @ 20
Event: 586.201 Thread 0x00007fe6b248f800 Uncommon trap: reason=class_check action=maybe_recompile pc=0x0000000112d2c130 method=java.util.HashMap.removeNode(ILjava/lang/Object;Ljava/lang/Object;ZZ)Ljava/util/HashMap$Node; @ 143
Event: 586.270 Thread 0x00007fe6b69df000 Uncommon trap: reason=null_check action=make_not_entrant pc=0x0000000114b92bb4 method=org.jetbrains.kotlin.load.java.components.JavaSourceElementImpl.getPsi()Lorg/jetbrains/kotlin/com/intellij/psi/PsiElement; @ 13
Event: 586.366 Thread 0x00007fe6b69df000 Uncommon trap: reason=bimorphic action=maybe_recompile pc=0x0000000112b79f60 method=org.jetbrains.kotlin.protobuf.CodedOutputStream.refreshBuffer()V @ 28
Event: 650.537 Thread 0x00007fe6b69df000 Uncommon trap: reason=unstable_if action=reinterpret pc=0x000000011302cc8c method=java.util.concurrent.locks.ReentrantLock$Sync.nonfairTryAcquire(I)Z @ 34
Event: 1200.661 Thread 0x00007fe6b39b9800 Uncommon trap: reason=unstable_if action=reinterpret pc=0x0000000112e45150 method=java.util.HashMap$HashIterator.<init>(Ljava/util/HashMap;)V @ 45

Classes redefined (0 events):
No events

Internal exceptions (10 events):
Event: 1012.904 Thread 0x00007fe6b39b1800 Exception <a 'java/net/ConnectException'> (0x00000007a27556a8) thrown at [/Volumes/android/AOSP-openjdk-git/jdk8u/hotspot/src/share/vm/prims/jni.cpp, line 709]
Event: 1112.062 Thread 0x00007fe6b30f3800 Exception <a 'java/net/ConnectException'> (0x00000007a2423808) thrown at [/Volumes/android/AOSP-openjdk-git/jdk8u/hotspot/src/share/vm/prims/jni.cpp, line 709]
Event: 1112.076 Thread 0x00007fe6b30f3800 Exception <a 'java/net/ConnectException'> (0x00000007a2424138) thrown at [/Volumes/android/AOSP-openjdk-git/jdk8u/hotspot/src/share/vm/prims/jni.cpp, line 709]
Event: 1112.088 Thread 0x00007fe6b30f3800 Exception <a 'java/net/ConnectException'> (0x00000007a2424a68) thrown at [/Volumes/android/AOSP-openjdk-git/jdk8u/hotspot/src/share/vm/prims/jni.cpp, line 709]
Event: 1128.615 Thread 0x00007fe6b686b000 Exception <a 'java/net/ConnectException'> (0x00000007a0208448) thrown at [/Volumes/android/AOSP-openjdk-git/jdk8u/hotspot/src/share/vm/prims/jni.cpp, line 709]
Event: 1128.629 Thread 0x00007fe6b686b000 Exception <a 'java/net/ConnectException'> (0x00000007a0208d78) thrown at [/Volumes/android/AOSP-openjdk-git/jdk8u/hotspot/src/share/vm/prims/jni.cpp, line 709]
Event: 1128.644 Thread 0x00007fe6b686b000 Exception <a 'java/net/ConnectException'> (0x00000007a02096a8) thrown at [/Volumes/android/AOSP-openjdk-git/jdk8u/hotspot/src/share/vm/prims/jni.cpp, line 709]
Event: 1140.908 Thread 0x00007fe6b39b1800 Exception <a 'java/net/ConnectException'> (0x00000007a27563d8) thrown at [/Volumes/android/AOSP-openjdk-git/jdk8u/hotspot/src/share/vm/prims/jni.cpp, line 709]
Event: 1140.923 Thread 0x00007fe6b39b1800 Exception <a 'java/net/ConnectException'> (0x00000007a2756d08) thrown at [/Volumes/android/AOSP-openjdk-git/jdk8u/hotspot/src/share/vm/prims/jni.cpp, line 709]
Event: 1140.936 Thread 0x00007fe6b39b1800 Exception <a 'java/net/ConnectException'> (0x00000007a2757638) thrown at [/Volumes/android/AOSP-openjdk-git/jdk8u/hotspot/src/share/vm/prims/jni.cpp, line 709]

Events (10 events):
Event: 1330.655 Thread 0x00007fe6b2813000 flushing nmethod 0x0000000113079610
Event: 1330.656 Thread 0x00007fe6b2813000 flushing nmethod 0x0000000113254f90
Event: 1901.985 Thread 0x00007fe6b303b000 flushing nmethod 0x0000000113ad82d0
Event: 1901.986 Thread 0x00007fe6b303b000 flushing nmethod 0x0000000113c00c10
Event: 2243.408 Thread 0x00007fe6b303b000 flushing nmethod 0x0000000113ec8a90
Event: 3357.527 Thread 0x00007fe6b303a800 flushing nmethod 0x00000001144fa750
Event: 3357.527 Thread 0x00007fe6b303a800 flushing nmethod 0x000000011456ccd0
Event: 3357.527 Thread 0x00007fe6b303a800 flushing nmethod 0x00000001145c3510
Event: 3357.527 Thread 0x00007fe6b303a800 flushing nmethod 0x000000011462ee90
Event: 3614.406 Executing VM operation: ParallelGCSystemGC


Dynamic libraries:
0x00000000268d9000 	/System/Library/Frameworks/Cocoa.framework/Versions/A/Cocoa
0x00000000268d9000 	/System/Library/Frameworks/Security.framework/Versions/A/Security
0x00000000268d9000 	/System/Library/Frameworks/ApplicationServices.framework/Versions/A/ApplicationServices
0x00000000268d9000 	/usr/lib/libz.1.dylib
0x00000000268d9000 	/usr/lib/libSystem.B.dylib
0x00000000268d9000 	/System/Library/Frameworks/CoreFoundation.framework/Versions/A/CoreFoundation
0x00000000268d9000 	/System/Library/Frameworks/Foundation.framework/Versions/C/Foundation
0x00000000268d9000 	/usr/lib/libobjc.A.dylib
0x00000000268d9000 	/System/Library/Frameworks/AppKit.framework/Versions/C/AppKit
0x00000000268d9000 	/System/Library/Frameworks/CoreData.framework/Versions/A/CoreData
0x00000000268d9000 	/System/Library/PrivateFrameworks/RemoteViewServices.framework/Versions/A/RemoteViewServices
0x00000000268d9000 	/System/Library/PrivateFrameworks/UIFoundation.framework/Versions/A/UIFoundation
0x00000000268d9000 	/System/Library/PrivateFrameworks/DFRFoundation.framework/Versions/A/DFRFoundation
0x00000000268d9000 	/System/Library/Frameworks/Metal.framework/Versions/A/Metal
0x00000000268d9000 	/System/Library/PrivateFrameworks/DesktopServicesPriv.framework/Versions/A/DesktopServicesPriv
0x00000000268d9000 	/usr/lib/libenergytrace.dylib
0x00000000268d9000 	/System/Library/PrivateFrameworks/SkyLight.framework/Versions/A/SkyLight
0x00000000268d9000 	/System/Library/Frameworks/CoreGraphics.framework/Versions/A/CoreGraphics
0x00000000268d9000 	/usr/lib/libScreenReader.dylib
0x00000000268d9000 	/System/Library/Frameworks/Accelerate.framework/Versions/A/Accelerate
0x00000000268d9000 	/System/Library/Frameworks/IOSurface.framework/Versions/A/IOSurface
0x00000000268d9000 	/System/Library/Frameworks/AudioToolbox.framework/Versions/A/AudioToolbox
0x00000000268d9000 	/System/Library/Frameworks/AudioUnit.framework/Versions/A/AudioUnit
0x00000000268d9000 	/System/Library/PrivateFrameworks/DataDetectorsCore.framework/Versions/A/DataDetectorsCore
0x00000000268d9000 	/System/Library/Frameworks/Carbon.framework/Versions/A/Frameworks/HIToolbox.framework/Versions/A/HIToolbox
0x00000000268d9000 	/usr/lib/libicucore.A.dylib
0x00000000268d9000 	/System/Library/Frameworks/QuartzCore.framework/Versions/A/QuartzCore
0x00000000268d9000 	/System/Library/Frameworks/Carbon.framework/Versions/A/Frameworks/SpeechRecognition.framework/Versions/A/SpeechRecognition
0x00000000268d9000 	/usr/lib/libauto.dylib
0x00000000268d9000 	/usr/lib/libxml2.2.dylib
0x00000000268d9000 	/System/Library/PrivateFrameworks/CoreUI.framework/Versions/A/CoreUI
0x00000000268d9000 	/System/Library/Frameworks/CoreAudio.framework/Versions/A/CoreAudio
0x00000000268d9000 	/System/Library/Frameworks/DiskArbitration.framework/Versions/A/DiskArbitration
0x00000000268d9000 	/usr/lib/liblangid.dylib
0x00000000268d9000 	/System/Library/PrivateFrameworks/MultitouchSupport.framework/Versions/A/MultitouchSupport
0x00000000268d9000 	/System/Library/Frameworks/IOKit.framework/Versions/A/IOKit
0x00000000268d9000 	/usr/lib/libDiagnosticMessagesClient.dylib
0x00000000268d9000 	/System/Library/Frameworks/CoreServices.framework/Versions/A/CoreServices
0x00000000268d9000 	/System/Library/PrivateFrameworks/PerformanceAnalysis.framework/Versions/A/PerformanceAnalysis
0x00000000268d9000 	/System/Library/Frameworks/OpenGL.framework/Versions/A/OpenGL
0x00000000268d9000 	/System/Library/Frameworks/ColorSync.framework/Versions/A/ColorSync
0x00000000268d9000 	/System/Library/Frameworks/CoreImage.framework/Versions/A/CoreImage
0x00000000268d9000 	/System/Library/Frameworks/CoreText.framework/Versions/A/CoreText
0x00000000268d9000 	/System/Library/Frameworks/ImageIO.framework/Versions/A/ImageIO
0x00000000268d9000 	/System/Library/PrivateFrameworks/Backup.framework/Versions/A/Backup
0x00000000268d9000 	/usr/lib/libarchive.2.dylib
0x00000000268d9000 	/System/Library/Frameworks/CFNetwork.framework/Versions/A/CFNetwork
0x00000000268d9000 	/System/Library/Frameworks/SystemConfiguration.framework/Versions/A/SystemConfiguration
0x00000000268d9000 	/usr/lib/libCRFSuite.dylib
0x00000000268d9000 	/usr/lib/libc++.1.dylib
0x00000000268d9000 	/usr/lib/libc++abi.dylib
0x00000000268d9000 	/usr/lib/system/libcache.dylib
0x00000000268d9000 	/usr/lib/system/libcommonCrypto.dylib
0x00000000268d9000 	/usr/lib/system/libcompiler_rt.dylib
0x00000000268d9000 	/usr/lib/system/libcopyfile.dylib
0x00000000268d9000 	/usr/lib/system/libcorecrypto.dylib
0x00000000268d9000 	/usr/lib/system/libdispatch.dylib
0x00000000268d9000 	/usr/lib/system/libdyld.dylib
0x00000000268d9000 	/usr/lib/system/libkeymgr.dylib
0x00000000268d9000 	/usr/lib/system/liblaunch.dylib
0x00000000268d9000 	/usr/lib/system/libmacho.dylib
0x00000000268d9000 	/usr/lib/system/libquarantine.dylib
0x00000000268d9000 	/usr/lib/system/libremovefile.dylib
0x00000000268d9000 	/usr/lib/system/libsystem_asl.dylib
0x00000000268d9000 	/usr/lib/system/libsystem_blocks.dylib
0x00000000268d9000 	/usr/lib/system/libsystem_c.dylib
0x00000000268d9000 	/usr/lib/system/libsystem_configuration.dylib
0x00000000268d9000 	/usr/lib/system/libsystem_coreservices.dylib
0x00000000268d9000 	/usr/lib/system/libsystem_darwin.dylib
0x00000000268d9000 	/usr/lib/system/libsystem_dnssd.dylib
0x00000000268d9000 	/usr/lib/system/libsystem_info.dylib
0x00000000268d9000 	/usr/lib/system/libsystem_m.dylib
0x00000000268d9000 	/usr/lib/system/libsystem_malloc.dylib
0x00000000268d9000 	/usr/lib/system/libsystem_network.dylib
0x00000000268d9000 	/usr/lib/system/libsystem_networkextension.dylib
0x00000000268d9000 	/usr/lib/system/libsystem_notify.dylib
0x00000000268d9000 	/usr/lib/system/libsystem_sandbox.dylib
0x00000000268d9000 	/usr/lib/system/libsystem_secinit.dylib
0x00000000268d9000 	/usr/lib/system/libsystem_kernel.dylib
0x00000000268d9000 	/usr/lib/system/libsystem_platform.dylib
0x00000000268d9000 	/usr/lib/system/libsystem_pthread.dylib
0x00000000268d9000 	/usr/lib/system/libsystem_symptoms.dylib
0x00000000268d9000 	/usr/lib/system/libsystem_trace.dylib
0x00000000268d9000 	/usr/lib/system/libunwind.dylib
0x00000000268d9000 	/usr/lib/system/libxpc.dylib
0x00000000268d9000 	/usr/lib/closure/libclosured.dylib
0x00000000268d9000 	/usr/lib/libbsm.0.dylib
0x00000000268d9000 	/usr/lib/system/libkxld.dylib
0x00000000268d9000 	/usr/lib/libOpenScriptingUtil.dylib
0x00000000268d9000 	/usr/lib/libcoretls.dylib
0x00000000268d9000 	/usr/lib/libcoretls_cfhelpers.dylib
0x00000000268d9000 	/usr/lib/libpam.2.dylib
0x00000000268d9000 	/usr/lib/libsqlite3.dylib
0x00000000268d9000 	/usr/lib/libxar.1.dylib
0x00000000268d9000 	/usr/lib/libbz2.1.0.dylib
0x00000000268d9000 	/usr/lib/liblzma.5.dylib
0x00000000268d9000 	/usr/lib/libnetwork.dylib
0x00000000268d9000 	/usr/lib/libapple_nghttp2.dylib
0x00000000268d9000 	/usr/lib/libpcap.A.dylib
0x00000000268d9000 	/usr/lib/libboringssl.dylib
0x00000000268d9000 	/usr/lib/libusrtcp.dylib
0x00000000268d9000 	/usr/lib/libapple_crypto.dylib
0x00000000268d9000 	/System/Library/Frameworks/CoreServices.framework/Versions/A/Frameworks/FSEvents.framework/Versions/A/FSEvents
0x00000000268d9000 	/System/Library/Frameworks/CoreServices.framework/Versions/A/Frameworks/CarbonCore.framework/Versions/A/CarbonCore
0x00000000268d9000 	/System/Library/Frameworks/CoreServices.framework/Versions/A/Frameworks/Metadata.framework/Versions/A/Metadata
0x00000000268d9000 	/System/Library/Frameworks/CoreServices.framework/Versions/A/Frameworks/OSServices.framework/Versions/A/OSServices
0x00000000268d9000 	/System/Library/Frameworks/CoreServices.framework/Versions/A/Frameworks/SearchKit.framework/Versions/A/SearchKit
0x00000000268d9000 	/System/Library/Frameworks/CoreServices.framework/Versions/A/Frameworks/AE.framework/Versions/A/AE
0x00000000268d9000 	/System/Library/Frameworks/CoreServices.framework/Versions/A/Frameworks/LaunchServices.framework/Versions/A/LaunchServices
0x00000000268d9000 	/System/Library/Frameworks/CoreServices.framework/Versions/A/Frameworks/DictionaryServices.framework/Versions/A/DictionaryServices
0x00000000268d9000 	/System/Library/Frameworks/CoreServices.framework/Versions/A/Frameworks/SharedFileList.framework/Versions/A/SharedFileList
0x00000000268d9000 	/System/Library/Frameworks/NetFS.framework/Versions/A/NetFS
0x00000000268d9000 	/System/Library/PrivateFrameworks/NetAuth.framework/Versions/A/NetAuth
0x00000000268d9000 	/System/Library/PrivateFrameworks/login.framework/Versions/A/Frameworks/loginsupport.framework/Versions/A/loginsupport
0x00000000268d9000 	/System/Library/PrivateFrameworks/TCC.framework/Versions/A/TCC
0x00000000268d9000 	/usr/lib/libmecabra.dylib
0x00000000268d9000 	/System/Library/Frameworks/ApplicationServices.framework/Versions/A/Frameworks/ATS.framework/Versions/A/ATS
0x00000000268d9000 	/System/Library/Frameworks/ApplicationServices.framework/Versions/A/Frameworks/ColorSyncLegacy.framework/Versions/A/ColorSyncLegacy
0x00000000268d9000 	/System/Library/Frameworks/ApplicationServices.framework/Versions/A/Frameworks/HIServices.framework/Versions/A/HIServices
0x00000000268d9000 	/System/Library/Frameworks/ApplicationServices.framework/Versions/A/Frameworks/LangAnalysis.framework/Versions/A/LangAnalysis
0x00000000268d9000 	/System/Library/Frameworks/ApplicationServices.framework/Versions/A/Frameworks/PrintCore.framework/Versions/A/PrintCore
0x00000000268d9000 	/System/Library/Frameworks/ApplicationServices.framework/Versions/A/Frameworks/QD.framework/Versions/A/QD
0x00000000268d9000 	/System/Library/Frameworks/ApplicationServices.framework/Versions/A/Frameworks/SpeechSynthesis.framework/Versions/A/SpeechSynthesis
0x00000000268d9000 	/System/Library/Frameworks/CoreDisplay.framework/Versions/A/CoreDisplay
0x00000000268d9000 	/System/Library/Frameworks/Accelerate.framework/Versions/A/Frameworks/vImage.framework/Versions/A/vImage
0x00000000268d9000 	/System/Library/Frameworks/Accelerate.framework/Versions/A/Frameworks/vecLib.framework/Versions/A/vecLib
0x00000000268d9000 	/System/Library/Frameworks/Accelerate.framework/Versions/A/Frameworks/vecLib.framework/Versions/A/libvDSP.dylib
0x00000000268d9000 	/System/Library/Frameworks/Accelerate.framework/Versions/A/Frameworks/vecLib.framework/Versions/A/libBNNS.dylib
0x00000000268d9000 	/System/Library/Frameworks/Accelerate.framework/Versions/A/Frameworks/vecLib.framework/Versions/A/libQuadrature.dylib
0x00000000268d9000 	/System/Library/Frameworks/Accelerate.framework/Versions/A/Frameworks/vecLib.framework/Versions/A/libvMisc.dylib
0x00000000268d9000 	/System/Library/Frameworks/Accelerate.framework/Versions/A/Frameworks/vecLib.framework/Versions/A/libLAPACK.dylib
0x00000000268d9000 	/System/Library/Frameworks/Accelerate.framework/Versions/A/Frameworks/vecLib.framework/Versions/A/libBLAS.dylib
0x00000000268d9000 	/System/Library/Frameworks/Accelerate.framework/Versions/A/Frameworks/vecLib.framework/Versions/A/libLinearAlgebra.dylib
0x00000000268d9000 	/System/Library/Frameworks/Accelerate.framework/Versions/A/Frameworks/vecLib.framework/Versions/A/libSparse.dylib
0x00000000268d9000 	/System/Library/Frameworks/Accelerate.framework/Versions/A/Frameworks/vecLib.framework/Versions/A/libSparseBLAS.dylib
0x00000000268d9000 	/System/Library/PrivateFrameworks/IOAccelerator.framework/Versions/A/IOAccelerator
0x00000000268d9000 	/System/Library/PrivateFrameworks/IOPresentment.framework/Versions/A/IOPresentment
0x00000000268d9000 	/System/Library/PrivateFrameworks/DSExternalDisplay.framework/Versions/A/DSExternalDisplay
0x00000000268d9000 	/System/Library/Frameworks/OpenGL.framework/Versions/A/Libraries/libCoreFSCache.dylib
0x00000000268d9000 	/System/Library/Frameworks/CoreVideo.framework/Versions/A/CoreVideo
0x00000000268d9000 	/System/Library/PrivateFrameworks/GraphVisualizer.framework/Versions/A/GraphVisualizer
0x00000000268d9000 	/System/Library/Frameworks/MetalPerformanceShaders.framework/Versions/A/MetalPerformanceShaders
0x00000000268d9000 	/usr/lib/libFosl_dynamic.dylib
0x00000000268d9000 	/System/Library/PrivateFrameworks/FaceCore.framework/Versions/A/FaceCore
0x00000000268d9000 	/System/Library/Frameworks/OpenCL.framework/Versions/A/OpenCL
0x00000000268d9000 	/usr/lib/libcompression.dylib
0x00000000268d9000 	/System/Library/Frameworks/ApplicationServices.framework/Versions/A/Frameworks/ATS.framework/Versions/A/Resources/libFontParser.dylib
0x00000000268d9000 	/System/Library/Frameworks/ApplicationServices.framework/Versions/A/Frameworks/ATS.framework/Versions/A/Resources/libFontRegistry.dylib
0x00000000268d9000 	/System/Library/Frameworks/ImageIO.framework/Versions/A/Resources/libJPEG.dylib
0x00000000268d9000 	/System/Library/Frameworks/ImageIO.framework/Versions/A/Resources/libTIFF.dylib
0x00000000268d9000 	/System/Library/Frameworks/ImageIO.framework/Versions/A/Resources/libPng.dylib
0x00000000268d9000 	/System/Library/Frameworks/ImageIO.framework/Versions/A/Resources/libGIF.dylib
0x00000000268d9000 	/System/Library/Frameworks/ImageIO.framework/Versions/A/Resources/libJP2.dylib
0x00000000268d9000 	/System/Library/Frameworks/ImageIO.framework/Versions/A/Resources/libRadiance.dylib
0x00000000268d9000 	/System/Library/PrivateFrameworks/AppleJPEG.framework/Versions/A/AppleJPEG
0x00000000268d9000 	/System/Library/PrivateFrameworks/MetalTools.framework/Versions/A/MetalTools
0x00000000268d9000 	/System/Library/Frameworks/MetalPerformanceShaders.framework/Frameworks/MPSCore.framework/Versions/A/MPSCore
0x00000000268d9000 	/System/Library/Frameworks/MetalPerformanceShaders.framework/Frameworks/MPSImage.framework/Versions/A/MPSImage
0x00000000268d9000 	/System/Library/Frameworks/MetalPerformanceShaders.framework/Frameworks/MPSMatrix.framework/Versions/A/MPSMatrix
0x00000000268d9000 	/System/Library/Frameworks/MetalPerformanceShaders.framework/Frameworks/MPSNeuralNetwork.framework/Versions/A/MPSNeuralNetwork
0x00000000268d9000 	/System/Library/Frameworks/OpenGL.framework/Versions/A/Libraries/libGLU.dylib
0x00000000268d9000 	/System/Library/Frameworks/OpenGL.framework/Versions/A/Libraries/libGFXShared.dylib
0x00000000268d9000 	/System/Library/Frameworks/OpenGL.framework/Versions/A/Libraries/libGL.dylib
0x00000000268d9000 	/System/Library/Frameworks/OpenGL.framework/Versions/A/Libraries/libGLImage.dylib
0x00000000268d9000 	/System/Library/Frameworks/OpenGL.framework/Versions/A/Libraries/libCVMSPluginSupport.dylib
0x00000000268d9000 	/System/Library/Frameworks/OpenGL.framework/Versions/A/Libraries/libCoreVMClient.dylib
0x00000000268d9000 	/usr/lib/libcups.2.dylib
0x00000000268d9000 	/System/Library/Frameworks/Kerberos.framework/Versions/A/Kerberos
0x00000000268d9000 	/System/Library/Frameworks/GSS.framework/Versions/A/GSS
0x00000000268d9000 	/usr/lib/libresolv.9.dylib
0x00000000268d9000 	/usr/lib/libiconv.2.dylib
0x00000000268d9000 	/System/Library/PrivateFrameworks/Heimdal.framework/Versions/A/Heimdal
0x00000000268d9000 	/usr/lib/libheimdal-asn1.dylib
0x00000000268d9000 	/System/Library/Frameworks/OpenDirectory.framework/Versions/A/OpenDirectory
0x00000000268d9000 	/System/Library/PrivateFrameworks/CommonAuth.framework/Versions/A/CommonAuth
0x00000000268d9000 	/System/Library/Frameworks/OpenDirectory.framework/Versions/A/Frameworks/CFOpenDirectory.framework/Versions/A/CFOpenDirectory
0x00000000268d9000 	/System/Library/Frameworks/SecurityFoundation.framework/Versions/A/SecurityFoundation
0x00000000268d9000 	/System/Library/PrivateFrameworks/APFS.framework/Versions/A/APFS
0x00000000268d9000 	/usr/lib/libutil.dylib
0x00000000268d9000 	/System/Library/PrivateFrameworks/AppleSauce.framework/Versions/A/AppleSauce
0x00000000268d9000 	/System/Library/PrivateFrameworks/LinguisticData.framework/Versions/A/LinguisticData
0x00000000268d9000 	/usr/lib/libmarisa.dylib
0x00000000268d9000 	/System/Library/PrivateFrameworks/Lexicon.framework/Versions/A/Lexicon
0x00000000268d9000 	/usr/lib/libChineseTokenizer.dylib
0x00000000268d9000 	/usr/lib/libcmph.dylib
0x00000000268d9000 	/System/Library/PrivateFrameworks/LanguageModeling.framework/Versions/A/LanguageModeling
0x00000000268d9000 	/System/Library/PrivateFrameworks/CoreEmoji.framework/Versions/A/CoreEmoji
0x00000000268d9000 	/System/Library/Frameworks/ServiceManagement.framework/Versions/A/ServiceManagement
0x00000000268d9000 	/System/Library/PrivateFrameworks/BackgroundTaskManagement.framework/Versions/A/BackgroundTaskManagement
0x00000000268d9000 	/usr/lib/libxslt.1.dylib
0x00000000268d9000 	/System/Library/Frameworks/Carbon.framework/Versions/A/Frameworks/Ink.framework/Versions/A/Ink
0x00000000268d9000 	/System/Library/PrivateFrameworks/TextureIO.framework/Versions/A/TextureIO
0x00000000268d9000 	/usr/lib/libate.dylib
0x00000000268d9000 	/System/Library/PrivateFrameworks/CrashReporterSupport.framework/Versions/A/CrashReporterSupport
0x00000000268d9000 	/System/Library/PrivateFrameworks/Sharing.framework/Versions/A/Sharing
0x00000000268d9000 	/System/Library/PrivateFrameworks/IconServices.framework/Versions/A/IconServices
0x00000000268d9000 	/System/Library/PrivateFrameworks/ProtocolBuffer.framework/Versions/A/ProtocolBuffer
0x00000000268d9000 	/System/Library/PrivateFrameworks/Apple80211.framework/Versions/A/Apple80211
0x00000000268d9000 	/System/Library/Frameworks/CoreWLAN.framework/Versions/A/CoreWLAN
0x00000000268d9000 	/System/Library/PrivateFrameworks/CoreUtils.framework/Versions/A/CoreUtils
0x00000000268d9000 	/System/Library/Frameworks/IOBluetooth.framework/Versions/A/IOBluetooth
0x00000000268d9000 	/System/Library/PrivateFrameworks/CoreWiFi.framework/Versions/A/CoreWiFi
0x00000000268d9000 	/System/Library/Frameworks/CoreBluetooth.framework/Versions/A/CoreBluetooth
0x00000000268d9000 	/System/Library/PrivateFrameworks/SignpostNotification.framework/Versions/A/SignpostNotification
0x00000000268d9000 	/System/Library/PrivateFrameworks/DebugSymbols.framework/Versions/A/DebugSymbols
0x00000000268d9000 	/System/Library/PrivateFrameworks/CoreSymbolication.framework/Versions/A/CoreSymbolication
0x00000000268d9000 	/System/Library/PrivateFrameworks/Symbolication.framework/Versions/A/Symbolication
0x00000000268d9000 	/System/Library/PrivateFrameworks/AppleFSCompression.framework/Versions/A/AppleFSCompression
0x00000000268d9000 	/System/Library/PrivateFrameworks/SpeechRecognitionCore.framework/Versions/A/SpeechRecognitionCore
0x0000000110800000 	/Applications/Android Studio.app/Contents/jre/jdk/Contents/Home/jre/lib/server/libjvm.dylib
0x00000000268d9000 	/usr/lib/libstdc++.6.0.9.dylib
0x000000010ff13000 	/Applications/Android Studio.app/Contents/jre/jdk/Contents/Home/jre/lib/libverify.dylib
0x000000010ff1f000 	/Applications/Android Studio.app/Contents/jre/jdk/Contents/Home/jre/lib/libjava.dylib
0x000000010ff9d000 	/Applications/Android Studio.app/Contents/jre/jdk/Contents/Home/jre/lib/libzip.dylib
0x0000000111e39000 	/Applications/Android Studio.app/Contents/jre/jdk/Contents/Home/jre/lib/libmanagement.dylib
0x0000000125c23000 	/Applications/Android Studio.app/Contents/jre/jdk/Contents/Home/jre/lib/libnio.dylib
0x0000000125c33000 	/Applications/Android Studio.app/Contents/jre/jdk/Contents/Home/jre/lib/./libnet.dylib

VM Arguments:
jvm_args: -Djava.awt.headless=true -Djava.rmi.server.hostname=localhost -Xmx1536m -Dkotlin.environment.keepalive 
java_command: org.jetbrains.kotlin.daemon.KotlinCompileDaemon --daemon-runFilesPath /Users/omar/Library/Application Support/kotlin/daemon --daemon-autoshutdownIdleSeconds=7200 --daemon-compilerClasspath /Users/omar/.gradle/caches/modules-2/files-2.1/org.jetbrains.kotlin/kotlin-compiler-embeddable/1.2.51/205147cc6c2dcbe7d9d71125fe315b14b8a14be4/kotlin-compiler-embeddable-1.2.51.jar:/Users/omar/.gradle/caches/modules-2/files-2.1/org.jetbrains.kotlin/kotlin-stdlib/1.2.51/fa8127e505bff50fec291d0dd619d1bda5c619e0/kotlin-stdlib-1.2.51.jar:/Users/omar/.gradle/caches/modules-2/files-2.1/org.jetbrains.kotlin/kotlin-script-runtime/1.2.51/6f8ef6758f396b354e422c3e82d9cd14795fe0e2/kotlin-script-runtime-1.2.51.jar:/Users/omar/.gradle/caches/modules-2/files-2.1/org.jetbrains.kotlin/kotlin-reflect/1.2.51/36b719a7b84452dd13eeec979d8c82bfb765c57d/kotlin-reflect-1.2.51.jar:/Users/omar/.gradle/caches/modules-2/files-2.1/org.jetbrains.kotlin/kotlin-scripting-common/1.2.51/7861b42b7e5625df4a230d868476d4cda331be77/kotlin-scripting-common-1.2.51.jar:/Users/omar/.gradle/caches/modules-2/files-2.1/org.jetbrains.kotlin/kotlin-scripting-jvm/1.2.51/f80afc81cf004fb572f8a09353960490ab6630c6/kotlin-scripting-jvm-1.2.51.jar:/Users/omar/.gradle/caches/modules-2/files-2.1/org.jetbrains.kotlinx/kotlinx-coroutines-core/0.20/5f3fa9b5b2dc9cfc0d9358d5b2cab154d590a564/kotlinx-coroutines-core-0.20.jar:/Applications/Android Studio.app/Contents/jre/jdk/Contents/Home/lib/tools.jar
java_class_path (initial): /Users/omar/.gradle/caches/modules-2/files-2.1/org.jetbrains.kotlin/kotlin-compiler-embeddable/1.2.51/205147cc6c2dcbe7d9d71125fe315b14b8a14be4/kotlin-compiler-embeddable-1.2.51.jar:/Users/omar/.gradle/caches/modules-2/files-2.1/org.jetbrains.kotlin/kotlin-stdlib/1.2.51/fa8127e505bff50fec291d0dd619d1bda5c619e0/kotlin-stdlib-1.2.51.jar:/Users/omar/.gradle/caches/modules-2/files-2.1/org.jetbrains.kotlin/kotlin-script-runtime/1.2.51/6f8ef6758f396b354e422c3e82d9cd14795fe0e2/kotlin-script-runtime-1.2.51.jar:/Users/omar/.gradle/caches/modules-2/files-2.1/org.jetbrains.kotlin/kotlin-reflect/1.2.51/36b719a7b84452dd13eeec979d8c82bfb765c57d/kotlin-reflect-1.2.51.jar:/Users/omar/.gradle/caches/modules-2/files-2.1/org.jetbrains.kotlin/kotlin-scripting-common/1.2.51/7861b42b7e5625df4a230d868476d4cda331be77/kotlin-scripting-common-1.2.51.jar:/Users/omar/.gradle/caches/modules-2/files-2.1/org.jetbrains.kotlin/kotlin-scripting-jvm/1.2.51/f80afc81cf004fb572f8a09353960490ab6630c6/kotlin-scripting-jvm-1.2.51.jar:/Users/omar/.gradle/caches/modules-2/files-2.1/org.jetbrains.kotlinx/kotlinx-coroutines-core/0.20/5f3fa9b5b2dc9cfc0d9358d5b2cab154d590a564/kotlinx-coroutines-core-0.20.jar:/Applications/Android Studio.app/Contents/jre/jdk/Contents/Home/lib/tools.jar
Launcher Type: SUN_STANDARD

Environment Variables:
JAVA_HOME=/Library/Java/JavaVirtualMachines/jdk1.8.0_181.jdk/Contents/Home
PATH=/Users/omar/.local/bin:/usr/local/bin:/usr/bin:/bin:/usr/sbin:/sbin:/Library/Frameworks/Mono.framework/Versions/Current/Commands:/Development/android-sdk/platform-tools:/Development/android-sdk/tools:/Users/Omar/.gradle/wrapper/dists/gradle-4.4-all/9br9xq1tocpiv8o6njlyu5op1/gradle-4.4/bin/
SHELL=/bin/bash

Signal Handlers:
SIGSEGV: [libjvm.dylib+0x53f567], sa_mask[0]=11111111011111110111111111111111, sa_flags=SA_ONSTACK|SA_RESTART|SA_SIGINFO
SIGBUS: [libjvm.dylib+0x53f567], sa_mask[0]=11111111011111110111111111111111, sa_flags=SA_RESTART|SA_SIGINFO
SIGFPE: [libjvm.dylib+0x437adf], sa_mask[0]=11111111011111110111111111111111, sa_flags=SA_RESTART|SA_SIGINFO
SIGPIPE: [libjvm.dylib+0x437adf], sa_mask[0]=11111111011111110111111111111111, sa_flags=SA_RESTART|SA_SIGINFO
SIGXFSZ: [libjvm.dylib+0x437adf], sa_mask[0]=11111111011111110111111111111111, sa_flags=SA_RESTART|SA_SIGINFO
SIGILL: [libjvm.dylib+0x437adf], sa_mask[0]=11111111011111110111111111111111, sa_flags=SA_RESTART|SA_SIGINFO
SIGUSR1: SIG_DFL, sa_mask[0]=00000000000000000000000000000000, sa_flags=none
SIGUSR2: [libjvm.dylib+0x438404], sa_mask[0]=00100000000000000000000000000000, sa_flags=SA_RESTART|SA_SIGINFO
SIGHUP: [libjvm.dylib+0x4365f9], sa_mask[0]=11111111011111110111111111111111, sa_flags=SA_RESTART|SA_SIGINFO
SIGINT: [libjvm.dylib+0x4365f9], sa_mask[0]=11111111011111110111111111111111, sa_flags=SA_RESTART|SA_SIGINFO
SIGTERM: [libjvm.dylib+0x4365f9], sa_mask[0]=11111111011111110111111111111111, sa_flags=SA_RESTART|SA_SIGINFO
SIGQUIT: [libjvm.dylib+0x4365f9], sa_mask[0]=11111111011111110111111111111111, sa_flags=SA_RESTART|SA_SIGINFO


---------------  S Y S T E M  ---------------

OS:Bsduname:Darwin 17.4.0 Darwin Kernel Version 17.4.0: Sun Dec 17 09:19:54 PST 2017; root:xnu-4570.41.2~1/RELEASE_X86_64 x86_64
rlimit: STACK 8192k, CORE 0k, NPROC 1418, NOFILE 10240, AS infinity
load average:1.34 1.31 1.39

CPU:total 4 (initial active 4) (4 cores per cpu, 1 threads per core) family 6 model 42 stepping 7, cmov, cx8, fxsr, mmx, sse, sse2, sse3, ssse3, sse4.1, sse4.2, popcnt, avx, aes, clmul, tsc, tscinvbit

Memory: 4k page, physical 16777216k(778744k free)

/proc/meminfo:


vm_info: OpenJDK 64-Bit Server VM (25.152-b01) for bsd-amd64 JRE (1.8.0_152-release-1024-b01), built by "builder" with gcc 4.2.1 Compatible Apple LLVM 8.1.0 (clang-802.0.42)

time: Fri Oct  5 06:46:24 2018
elapsed time: 3614 seconds (0d 1h 0m 14s)

