#
# A fatal error has been detected by the Java Runtime Environment:
#
#  SIGSEGV (0xb) at pc=0x000000010d0983e1, pid=17039, tid=0x0000000000005303
#
# JRE version: OpenJDK Runtime Environment (8.0_152-b01) (build 1.8.0_152-release-1024-b01)
# Java VM: OpenJDK 64-Bit Server VM (25.152-b01 mixed mode bsd-amd64 compressed oops)
# Problematic frame:
# V  [libjvm.dylib+0x2983e1]
#
# Failed to write core dump. Core dumps have been disabled. To enable core dumping, try "ulimit -c unlimited" before starting Java again
#
# If you would like to submit a bug report, please visit:
#   http://bugreport.java.com/bugreport/crash.jsp
#

---------------  T H R E A D  ---------------

Current thread (0x00007fe66e81b000):  VMThread [stack: 0x00007000048e8000,0x00007000049e8000] [id=21251]

siginfo: si_signo: 11 (SIGSEGV), si_code: 0 (unknown), si_addr: 0x0000000000000000

Registers:
RAX=0x0000000119af2f18, RBX=0x0000000000000009, RCX=0x2000000119af6180, RDX=0x0000000000000096
RSP=0x00007000049e7700, RBP=0x00007000049e7720, RSI=0x000000010d5f8340, RDI=0x0000000000000000
R8 =0x000000010d5e1a28, R9 =0xffffffff00000000, R10=0x000000010d5e1a20, R11=0x000000010d5e1a28
R12=0x00000007c0c5abb8, R13=0x000000010d5f8340, R14=0x000000010d5f8340, R15=0x00000007c0c5abb8
RIP=0x000000010d0983e1, EFLAGS=0x0000000000010283, ERR=0x0000000000000000
  TRAPNO=0x000000000000000d

Top of Stack: (sp=0x00007000049e7700)
0x00007000049e7700:   0000000000000096 00000007c0c5abb8
0x00007000049e7710:   000000010d5f8340 00007000049e7758
0x00007000049e7720:   00007000049e7740 000000010d098331
0x00007000049e7730:   00000007c0c5a750 0000000000000001
0x00007000049e7740:   00007000049e77d0 000000010d166d87
0x00007000049e7750:   000000010d5bb708 000000010d5de8f8
0x00007000049e7760:   00000000000001fe ffffffffffffff00
0x00007000049e7770:   0000000000000004 0000000000000097
0x00007000049e7780:   00000000000001fe 0000000000000001
0x00007000049e7790:   00007fe676d4ea00 00007fe6744eac00
0x00007000049e77a0:   000000010d5de8f8 00007000049e7828
0x00007000049e77b0:   00007000049e7890 000000010d5f8340
0x00007000049e77c0:   000000010d5f8290 00007000049e7848
0x00007000049e77d0:   00007000049e78e0 000000010d27137c
0x00007000049e77e0:   000000010d3a4226 000000010d260100
0x00007000049e77f0:   000000010d5f8248 000009545c564016
0x00007000049e7800:   000000010d5bceb0 00007fe600000004
0x00007000049e7810:   00007fe66e409730 0000000000000004
0x00007000049e7820:   00007000049e7830 00000000000015ef
0x00007000049e7830:   0000000000000f0f 0000000000000380
0x00007000049e7840:   000000000000000a 000000010d376e4f
0x00007000049e7850:   00007000049e0100 000000010d5f8248
0x00007000049e7860:   000009545e9cf412 000000010d5bb248
0x00007000049e7870:   00007000044d8900 00007fe66e409c70
0x00007000049e7880:   000000010d5bb230 00007fe66e409c70
0x00007000049e7890:   00000000000015ef 0000000000000f0f
0x00007000049e78a0:   0000000000000380 000000000000000a
0x00007000049e78b0:   00007000049e78c0 0000000000000000
0x00007000049e78c0:   00007fe66e706840 00007fe66e4092c0
0x00007000049e78d0:   0000000000000000 00007000049e79d0
0x00007000049e78e0:   00007000049e7b40 000000010d270911
0x00007000049e78f0:   0000700005800100 0000000000000000 

Instructions: (pc=0x000000010d0983e1)
0x000000010d0983c1:   e5 41 57 41 56 53 50 49 89 f6 49 89 ff 49 8b 87
0x000000010d0983d1:   70 01 00 00 83 38 00 7e 2a 31 db 48 8b 4c d8 08
0x000000010d0983e1:   48 8b 79 10 48 85 ff 74 0f 4c 89 f6 e8 76 de 16
0x000000010d0983f1:   00 49 8b 87 70 01 00 00 48 ff c3 48 63 08 48 39 

Register to memory mapping:

RAX=0x0000000119af2f18 is pointing into metadata
RBX=0x0000000000000009 is an unknown value
RCX=0x2000000119af6180 is an unknown value
RDX=0x0000000000000096 is an unknown value
RSP=0x00007000049e7700 is an unknown value
RBP=0x00007000049e7720 is an unknown value
RSI=0x000000010d5f8340: _ZN17PSParallelCompact17_is_alive_closureE+0 in /Applications/Android Studio.app/Contents/jre/jdk/Contents/Home/jre/lib/server/libjvm.dylib at 0x000000010ce00000
RDI=0x0000000000000000 is an unknown value
R8 =0x000000010d5e1a28: _ZL8tc_mutex+0x20 in /Applications/Android Studio.app/Contents/jre/jdk/Contents/Home/jre/lib/server/libjvm.dylib at 0x000000010ce00000
R9 =0xffffffff00000000 is an unknown value
R10=0x000000010d5e1a20: _ZL8tc_mutex+0x18 in /Applications/Android Studio.app/Contents/jre/jdk/Contents/Home/jre/lib/server/libjvm.dylib at 0x000000010ce00000
R11=0x000000010d5e1a28: _ZL8tc_mutex+0x20 in /Applications/Android Studio.app/Contents/jre/jdk/Contents/Home/jre/lib/server/libjvm.dylib at 0x000000010ce00000
R12=0x00000007c0c5abb8 is pointing into metadata
R13=0x000000010d5f8340: _ZN17PSParallelCompact17_is_alive_closureE+0 in /Applications/Android Studio.app/Contents/jre/jdk/Contents/Home/jre/lib/server/libjvm.dylib at 0x000000010ce00000
R14=0x000000010d5f8340: _ZN17PSParallelCompact17_is_alive_closureE+0 in /Applications/Android Studio.app/Contents/jre/jdk/Contents/Home/jre/lib/server/libjvm.dylib at 0x000000010ce00000
R15=0x00000007c0c5abb8 is pointing into metadata


Stack: [0x00007000048e8000,0x00007000049e8000],  sp=0x00007000049e7700,  free space=1021k
Native frames: (J=compiled Java code, j=interpreted, Vv=VM code, C=native code)
V  [libjvm.dylib+0x2983e1]
V  [libjvm.dylib+0x298331]
V  [libjvm.dylib+0x366d87]
V  [libjvm.dylib+0x47137c]
V  [libjvm.dylib+0x470911]
V  [libjvm.dylib+0x470516]
V  [libjvm.dylib+0x540143]
V  [libjvm.dylib+0x54f99e]
V  [libjvm.dylib+0x54f33a]
V  [libjvm.dylib+0x54ed62]
V  [libjvm.dylib+0x54eb97]
V  [libjvm.dylib+0x435709]
C  [libsystem_pthread.dylib+0x36c1]  _pthread_body+0x154
C  [libsystem_pthread.dylib+0x356d]  _pthread_body+0x0
C  [libsystem_pthread.dylib+0x2c5d]  thread_start+0xd

VM_Operation (0x0000700006e53848): ParallelGCSystemGC, mode: safepoint, requested by thread 0x00007fe6740de000


---------------  P R O C E S S  ---------------

Java Threads: ( => current thread )
  0x00007fe6740de000 JavaThread "GC Daemon" daemon [_thread_blocked, id=43303, stack(0x0000700006d54000,0x0000700006e54000)]
  0x00007fe67437f800 JavaThread "RMI RenewClean-[localhost:17069,org.jetbrains.kotlin.daemon.common.LoopbackNetworkInterface$ClientLoopbackSocketFactory@6339f18e]" daemon [_thread_blocked, id=38435, stack(0x0000700006c51000,0x0000700006d51000)]
  0x00007fe6756af800 JavaThread "Thread-137" [_thread_blocked, id=29515, stack(0x0000700006a4b000,0x0000700006b4b000)]
  0x00007fe6769f4800 JavaThread "process reaper" daemon [_thread_blocked, id=40223, stack(0x000070000756c000,0x0000700007594000)]
  0x00007fe6707ab800 JavaThread "process reaper" daemon [_thread_blocked, id=23331, stack(0x0000700004329000,0x0000700004351000)]
  0x00007fe676d50000 JavaThread "process reaper" daemon [_thread_in_native, id=30523, stack(0x00007000042fe000,0x0000700004326000)]
  0x00007fe66eb23800 JavaThread "process reaper" daemon [_thread_blocked, id=15135, stack(0x00007000042d3000,0x00007000042fb000)]
  0x00007fe66eb5c000 JavaThread "Task worker for ':' Thread 3" [_thread_blocked, id=22563, stack(0x0000700006948000,0x0000700006a48000)]
  0x00007fe6755ed800 JavaThread "Task worker for ':' Thread 2" [_thread_blocked, id=23571, stack(0x0000700006845000,0x0000700006945000)]
  0x00007fe6774a7000 JavaThread "Task worker for ':'" [_thread_blocked, id=38163, stack(0x0000700006742000,0x0000700006842000)]
  0x00007fe67724e800 JavaThread "Cache worker for Build Output Cleanup Cache (/Users/omar/Downloads/Dere/.gradle/buildOutputCleanup)" [_thread_blocked, id=24875, stack(0x000070000663f000,0x000070000673f000)]
  0x00007fe676d52800 JavaThread "Cache worker for task history cache (/Users/omar/Downloads/Dere/.gradle/4.4/taskHistory)" [_thread_blocked, id=40995, stack(0x000070000653c000,0x000070000663c000)]
  0x00007fe674d9c800 JavaThread "Cache worker for file content cache (/Users/omar/Downloads/Dere/.gradle/4.4/fileContent)" [_thread_blocked, id=3619, stack(0x0000700006439000,0x0000700006539000)]
  0x00007fe675680000 JavaThread "build operations Thread 4" [_thread_blocked, id=45091, stack(0x0000700006336000,0x0000700006436000)]
  0x00007fe66ea4b000 JavaThread "build operations Thread 3" [_thread_blocked, id=85799, stack(0x0000700006130000,0x0000700006230000)]
  0x00007fe66ea4a800 JavaThread "build operations Thread 2" [_thread_blocked, id=34851, stack(0x000070000602d000,0x000070000612d000)]
  0x00007fe675696000 JavaThread "build operations" [_thread_blocked, id=38931, stack(0x0000700005f2a000,0x000070000602a000)]
  0x00007fe676eea800 JavaThread "Cache worker for Artifact transforms cache (/Users/omar/.gradle/caches/transforms-1)" [_thread_blocked, id=32807, stack(0x0000700005e27000,0x0000700005f27000)]
  0x00007fe6774cb800 JavaThread "Cache worker for file hash cache (/Users/omar/Downloads/Dere/.gradle/4.4/fileHashes)" [_thread_blocked, id=25395, stack(0x0000700005d24000,0x0000700005e24000)]
  0x00007fe66f884800 JavaThread "Stdin handler" [_thread_blocked, id=14915, stack(0x0000700005c21000,0x0000700005d21000)]
  0x00007fe676962800 JavaThread "Asynchronous log dispatcher for DefaultDaemonConnection: socket connection from /127.0.0.1:53055 to /127.0.0.1:57751" [_thread_blocked, id=34319, stack(0x0000700005815000,0x0000700005915000)]
  0x00007fe6708cf800 JavaThread "Daemon worker Thread 5" [_thread_blocked, id=26127, stack(0x0000700005712000,0x0000700005812000)]
  0x00007fe6750be000 JavaThread "Cancel handler" [_thread_blocked, id=23871, stack(0x000070000560f000,0x000070000570f000)]
  0x00007fe674dcb000 JavaThread "Handler for socket connection from /127.0.0.1:53055 to /127.0.0.1:57751" [_thread_in_native, id=2823, stack(0x000070000550c000,0x000070000560c000)]
  0x00007fe6706fe800 JavaThread "Daemon Thread 5" [_thread_blocked, id=35339, stack(0x0000700005409000,0x0000700005509000)]
  0x00007fe670215800 JavaThread "RMI TCP Accept-0" daemon [_thread_in_native, id=32011, stack(0x0000700006b4e000,0x0000700006c4e000)]
  0x00007fe675790000 JavaThread "RMI Scheduler(0)" daemon [_thread_blocked, id=42763, stack(0x0000700005918000,0x0000700005a18000)]
  0x00007fe670b5c800 JavaThread "Memory manager" [_thread_blocked, id=39939, stack(0x0000700006233000,0x0000700006333000)]
  0x00007fe66ea41000 JavaThread "File lock request listener" [_thread_in_native, id=41987, stack(0x0000700005b1e000,0x0000700005c1e000)]
  0x00007fe670661000 JavaThread "Cache worker for file hash cache (/Users/omar/.gradle/caches/4.4/fileHashes)" [_thread_blocked, id=42243, stack(0x0000700005a1b000,0x0000700005b1b000)]
  0x00007fe66f213800 JavaThread "Daemon periodic checks" [_thread_blocked, id=14339, stack(0x0000700005306000,0x0000700005406000)]
  0x00007fe66fd98000 JavaThread "Incoming local TCP Connector on port 53055" [_thread_in_native, id=16387, stack(0x0000700005203000,0x0000700005303000)]
  0x00007fe66e840800 JavaThread "Service Thread" daemon [_thread_blocked, id=13571, stack(0x0000700004ffd000,0x00007000050fd000)]
  0x00007fe66f02b800 JavaThread "C1 CompilerThread2" daemon [_thread_blocked, id=17155, stack(0x0000700004efa000,0x0000700004ffa000)]
  0x00007fe66e835800 JavaThread "C2 CompilerThread1" daemon [_thread_blocked, id=17411, stack(0x0000700004df7000,0x0000700004ef7000)]
  0x00007fe66e845800 JavaThread "C2 CompilerThread0" daemon [_thread_blocked, id=17923, stack(0x0000700004cf4000,0x0000700004df4000)]
  0x00007fe66e827000 JavaThread "Signal Dispatcher" daemon [_thread_blocked, id=18183, stack(0x0000700004bf1000,0x0000700004cf1000)]
  0x00007fe66f001800 JavaThread "Finalizer" daemon [_thread_blocked, id=11779, stack(0x0000700004aee000,0x0000700004bee000)]
  0x00007fe66e820000 JavaThread "Reference Handler" daemon [_thread_blocked, id=20739, stack(0x00007000049eb000,0x0000700004aeb000)]
  0x00007fe66f802000 JavaThread "main" [_thread_blocked, id=6659, stack(0x00007000043d9000,0x00007000044d9000)]

Other Threads:
=>0x00007fe66e81b000 VMThread [stack: 0x00007000048e8000,0x00007000049e8000] [id=21251]
  0x00007fe66e833000 WatcherThread [stack: 0x0000700005100000,0x0000700005200000] [id=16643]

VM state:at safepoint (normal execution)

VM Mutex/Monitor currently owned by a thread:  ([mutex/lock_event])
[0x00007fe66e6033e0] Threads_lock - owner thread: 0x00007fe66e81b000
[0x00007fe66e6038e0] Heap_lock - owner thread: 0x00007fe6740de000

Heap:
 PSYoungGen      total 462336K, used 17414K [0x00000007a0000000, 0x00000007bf680000, 0x00000007c0000000)
  eden space 417280K, 0% used [0x00000007a0000000,0x00000007a0000000,0x00000007b9780000)
  from space 45056K, 38% used [0x00000007bca80000,0x00000007bdb81a00,0x00000007bf680000)
  to   space 48640K, 0% used [0x00000007b9780000,0x00000007b9780000,0x00000007bc700000)
 ParOldGen       total 238592K, used 54741K [0x0000000760000000, 0x000000076e900000, 0x00000007a0000000)
  object space 238592K, 22% used [0x0000000760000000,0x0000000763575508,0x000000076e900000)
 Metaspace       used 98179K, capacity 102089K, committed 106004K, reserved 1140736K
  class space    used 12401K, capacity 13251K, committed 14140K, reserved 1048576K

Card table byte_map: [0x000000010dc28000,0x000000010df29000] byte_map_base: 0x000000010a128000

Marking Bits: (ParMarkBitMap*) 0x000000010d5f81c8
 Begin Bits: [0x000000010e129000, 0x000000010f929000)
 End Bits:   [0x000000010f929000, 0x0000000111129000)

Polling page: 0x000000010c453000

CodeCache: size=245760Kb used=59520Kb max_used=59561Kb free=186239Kb
 bounds [0x000000011bdc1000, 0x000000011f851000, 0x000000012adc1000]
 total_blobs=18781 nmethods=17874 adapters=818
 compilation: enabled

Compilation events (10 events):
Event: 10255.155 Thread 0x00007fe66f02b800 22939       3       kotlin.reflect.jvm.internal.impl.resolve.DescriptorUtils::getFqName (21 bytes)
Event: 10255.155 Thread 0x00007fe66f02b800 nmethod 22939 0x000000011cd9f010 code [0x000000011cd9f1a0, 0x000000011cd9f438]
Event: 10255.487 Thread 0x00007fe66e835800 nmethod 22926 0x000000011f27c250 code [0x000000011f27d640, 0x000000011f2875b8]
Event: 10255.488 Thread 0x00007fe66e835800 22927       4       org.gradle.api.tasks.util.internal.PatternSpecFactory::createSpec (103 bytes)
Event: 10255.546 Thread 0x00007fe66e835800 nmethod 22927 0x000000011cd90990 code [0x000000011cd90cc0, 0x000000011cd925d0]
Event: 10255.546 Thread 0x00007fe66e835800 22931   !   4       org.gradle.api.internal.DependencyInjectingInstantiator::newInstance (108 bytes)
Event: 10255.558 Thread 0x00007fe66e845800 nmethod 22924 0x000000011f82d3d0 code [0x000000011f82e020, 0x000000011f838910]
Event: 10255.575 Thread 0x00007fe66e835800 nmethod 22931 0x000000011f274e90 code [0x000000011f2751a0, 0x000000011f2767c0]
Event: 10257.876 Thread 0x00007fe66e845800 22940       4       java.util.Locale::equals (75 bytes)
Event: 10257.877 Thread 0x00007fe66e845800 nmethod 22940 0x000000011f274ad0 code [0x000000011f274c40, 0x000000011f274d68]

GC Heap History (10 events):
Event: 471.984 GC heap after
Heap after GC invocations=37 (full 4):
 PSYoungGen      total 465408K, used 10574K [0x00000007a0000000, 0x00000007bff00000, 0x00000007c0000000)
  eden space 411136K, 0% used [0x00000007a0000000,0x00000007a0000000,0x00000007b9180000)
  from space 54272K, 19% used [0x00000007b9180000,0x00000007b9bd3800,0x00000007bc680000)
  to   space 52736K, 0% used [0x00000007bcb80000,0x00000007bcb80000,0x00000007bff00000)
 ParOldGen       total 238592K, used 163072K [0x0000000760000000, 0x000000076e900000, 0x00000007a0000000)
  object space 238592K, 68% used [0x0000000760000000,0x0000000769f402e0,0x000000076e900000)
 Metaspace       used 99529K, capacity 104505K, committed 104596K, reserved 1140736K
  class space    used 12855K, capacity 13970K, committed 14012K, reserved 1048576K
}
Event: 550.214 GC heap before
{Heap before GC invocations=38 (full 4):
 PSYoungGen      total 465408K, used 421644K [0x00000007a0000000, 0x00000007bff00000, 0x00000007c0000000)
  eden space 411136K, 99% used [0x00000007a0000000,0x00000007b916fa68,0x00000007b9180000)
  from space 54272K, 19% used [0x00000007b9180000,0x00000007b9bd3800,0x00000007bc680000)
  to   space 52736K, 0% used [0x00000007bcb80000,0x00000007bcb80000,0x00000007bff00000)
 ParOldGen       total 238592K, used 163072K [0x0000000760000000, 0x000000076e900000, 0x00000007a0000000)
  object space 238592K, 68% used [0x0000000760000000,0x0000000769f402e0,0x000000076e900000)
 Metaspace       used 100385K, capacity 105679K, committed 105748K, reserved 1140736K
  class space    used 12971K, capacity 14121K, committed 14140K, reserved 1048576K
Event: 550.237 GC heap after
Heap after GC invocations=38 (full 4):
 PSYoungGen      total 467456K, used 7365K [0x00000007a0000000, 0x00000007bfc80000, 0x00000007c0000000)
  eden space 417280K, 0% used [0x00000007a0000000,0x00000007a0000000,0x00000007b9780000)
  from space 50176K, 14% used [0x00000007bcb80000,0x00000007bd2b1738,0x00000007bfc80000)
  to   space 51712K, 0% used [0x00000007b9780000,0x00000007b9780000,0x00000007bca00000)
 ParOldGen       total 238592K, used 167802K [0x0000000760000000, 0x000000076e900000, 0x00000007a0000000)
  object space 238592K, 70% used [0x0000000760000000,0x000000076a3de940,0x000000076e900000)
 Metaspace       used 100385K, capacity 105679K, committed 105748K, reserved 1140736K
  class space    used 12971K, capacity 14121K, committed 14140K, reserved 1048576K
}
Event: 3758.959 GC heap before
{Heap before GC invocations=39 (full 4):
 PSYoungGen      total 467456K, used 194759K [0x00000007a0000000, 0x00000007bfc80000, 0x00000007c0000000)
  eden space 417280K, 44% used [0x00000007a0000000,0x00000007ab7007b0,0x00000007b9780000)
  from space 50176K, 14% used [0x00000007bcb80000,0x00000007bd2b1738,0x00000007bfc80000)
  to   space 51712K, 0% used [0x00000007b9780000,0x00000007b9780000,0x00000007bca00000)
 ParOldGen       total 238592K, used 167802K [0x0000000760000000, 0x000000076e900000, 0x00000007a0000000)
  object space 238592K, 70% used [0x0000000760000000,0x000000076a3de940,0x000000076e900000)
 Metaspace       used 100589K, capacity 105813K, committed 106004K, reserved 1140736K
  class space    used 12972K, capacity 14122K, committed 14140K, reserved 1048576K
Event: 3758.965 GC heap after
Heap after GC invocations=39 (full 4):
 PSYoungGen      total 468992K, used 320K [0x00000007a0000000, 0x00000007bfd80000, 0x00000007c0000000)
  eden space 417280K, 0% used [0x00000007a0000000,0x00000007a0000000,0x00000007b9780000)
  from space 51712K, 0% used [0x00000007b9780000,0x00000007b97d0000,0x00000007bca00000)
  to   space 52224K, 0% used [0x00000007bca80000,0x00000007bca80000,0x00000007bfd80000)
 ParOldGen       total 238592K, used 168374K [0x0000000760000000, 0x000000076e900000, 0x00000007a0000000)
  object space 238592K, 70% used [0x0000000760000000,0x000000076a46d960,0x000000076e900000)
 Metaspace       used 100589K, capacity 105813K, committed 106004K, reserved 1140736K
  class space    used 12972K, capacity 14122K, committed 14140K, reserved 1048576K
}
Event: 3758.965 GC heap before
{Heap before GC invocations=40 (full 5):
 PSYoungGen      total 468992K, used 320K [0x00000007a0000000, 0x00000007bfd80000, 0x00000007c0000000)
  eden space 417280K, 0% used [0x00000007a0000000,0x00000007a0000000,0x00000007b9780000)
  from space 51712K, 0% used [0x00000007b9780000,0x00000007b97d0000,0x00000007bca00000)
  to   space 52224K, 0% used [0x00000007bca80000,0x00000007bca80000,0x00000007bfd80000)
 ParOldGen       total 238592K, used 168374K [0x0000000760000000, 0x000000076e900000, 0x00000007a0000000)
  object space 238592K, 70% used [0x0000000760000000,0x000000076a46d960,0x000000076e900000)
 Metaspace       used 100589K, capacity 105813K, committed 106004K, reserved 1140736K
  class space    used 12972K, capacity 14122K, committed 14140K, reserved 1048576K
Event: 3759.273 GC heap after
Heap after GC invocations=40 (full 5):
 PSYoungGen      total 468992K, used 0K [0x00000007a0000000, 0x00000007bfd80000, 0x00000007c0000000)
  eden space 417280K, 0% used [0x00000007a0000000,0x00000007a0000000,0x00000007b9780000)
  from space 51712K, 0% used [0x00000007b9780000,0x00000007b9780000,0x00000007bca00000)
  to   space 52224K, 0% used [0x00000007bca80000,0x00000007bca80000,0x00000007bfd80000)
 ParOldGen       total 238592K, used 54733K [0x0000000760000000, 0x000000076e900000, 0x00000007a0000000)
  object space 238592K, 22% used [0x0000000760000000,0x0000000763573508,0x000000076e900000)
 Metaspace       used 96945K, capacity 100211K, committed 106004K, reserved 1140736K
  class space    used 12222K, capacity 12953K, committed 14140K, reserved 1048576K
}
Event: 10257.908 GC heap before
{Heap before GC invocations=41 (full 5):
 PSYoungGen      total 468992K, used 319527K [0x00000007a0000000, 0x00000007bfd80000, 0x00000007c0000000)
  eden space 417280K, 76% used [0x00000007a0000000,0x00000007b3809e70,0x00000007b9780000)
  from space 51712K, 0% used [0x00000007b9780000,0x00000007b9780000,0x00000007bca00000)
  to   space 52224K, 0% used [0x00000007bca80000,0x00000007bca80000,0x00000007bfd80000)
 ParOldGen       total 238592K, used 54733K [0x0000000760000000, 0x000000076e900000, 0x00000007a0000000)
  object space 238592K, 22% used [0x0000000760000000,0x0000000763573508,0x000000076e900000)
 Metaspace       used 98179K, capacity 102089K, committed 106004K, reserved 1140736K
  class space    used 12401K, capacity 13251K, committed 14140K, reserved 1048576K
Event: 10257.931 GC heap after
Heap after GC invocations=41 (full 5):
 PSYoungGen      total 462336K, used 17414K [0x00000007a0000000, 0x00000007bf680000, 0x00000007c0000000)
  eden space 417280K, 0% used [0x00000007a0000000,0x00000007a0000000,0x00000007b9780000)
  from space 45056K, 38% used [0x00000007bca80000,0x00000007bdb81a00,0x00000007bf680000)
  to   space 48640K, 0% used [0x00000007b9780000,0x00000007b9780000,0x00000007bc700000)
 ParOldGen       total 238592K, used 54741K [0x0000000760000000, 0x000000076e900000, 0x00000007a0000000)
  object space 238592K, 22% used [0x0000000760000000,0x0000000763575508,0x000000076e900000)
 Metaspace       used 98179K, capacity 102089K, committed 106004K, reserved 1140736K
  class space    used 12401K, capacity 13251K, committed 14140K, reserved 1048576K
}
Event: 10257.931 GC heap before
{Heap before GC invocations=42 (full 6):
 PSYoungGen      total 462336K, used 17414K [0x00000007a0000000, 0x00000007bf680000, 0x00000007c0000000)
  eden space 417280K, 0% used [0x00000007a0000000,0x00000007a0000000,0x00000007b9780000)
  from space 45056K, 38% used [0x00000007bca80000,0x00000007bdb81a00,0x00000007bf680000)
  to   space 48640K, 0% used [0x00000007b9780000,0x00000007b9780000,0x00000007bc700000)
 ParOldGen       total 238592K, used 54741K [0x0000000760000000, 0x000000076e900000, 0x00000007a0000000)
  object space 238592K, 22% used [0x0000000760000000,0x0000000763575508,0x000000076e900000)
 Metaspace       used 98179K, capacity 102089K, committed 106004K, reserved 1140736K
  class space    used 12401K, capacity 13251K, committed 14140K, reserved 1048576K

Deoptimization events (10 events):
Event: 10226.895 Thread 0x00007fe6708cf800 Uncommon trap: reason=bimorphic action=maybe_recompile pc=0x000000011f341480 method=java.io.ObjectInputStream$PeekInputStream.read()I @ 23
Event: 10226.895 Thread 0x00007fe6708cf800 Uncommon trap: reason=bimorphic action=maybe_recompile pc=0x000000011f341480 method=java.io.ObjectInputStream$PeekInputStream.read()I @ 23
Event: 10233.291 Thread 0x00007fe6774a7000 Uncommon trap: reason=class_check action=maybe_recompile pc=0x000000011e998894 method=java.util.stream.Sink$ChainedReference.<init>(Ljava/util/stream/Sink;)V @ 9
Event: 10233.558 Thread 0x00007fe6774a7000 Uncommon trap: reason=bimorphic action=maybe_recompile pc=0x000000011f4cb5c4 method=com.sun.org.apache.xerces.internal.dom.ParentNode.checkNormalizationAfterInsert(Lcom/sun/org/apache/xerces/internal/dom/ChildNode;)V @ 23
Event: 10233.558 Thread 0x00007fe6774a7000 Uncommon trap: reason=bimorphic action=maybe_recompile pc=0x000000011f4cb5c4 method=com.sun.org.apache.xerces.internal.dom.ParentNode.checkNormalizationAfterInsert(Lcom/sun/org/apache/xerces/internal/dom/ChildNode;)V @ 23
Event: 10233.558 Thread 0x00007fe6774a7000 Uncommon trap: reason=bimorphic action=maybe_recompile pc=0x000000011f4cb5c4 method=com.sun.org.apache.xerces.internal.dom.ParentNode.checkNormalizationAfterInsert(Lcom/sun/org/apache/xerces/internal/dom/ChildNode;)V @ 23
Event: 10233.558 Thread 0x00007fe6774a7000 Uncommon trap: reason=bimorphic action=maybe_recompile pc=0x000000011f4cb5c4 method=com.sun.org.apache.xerces.internal.dom.ParentNode.checkNormalizationAfterInsert(Lcom/sun/org/apache/xerces/internal/dom/ChildNode;)V @ 23
Event: 10233.871 Thread 0x00007fe6774a7000 Uncommon trap: reason=null_check action=make_not_entrant pc=0x000000011e2a8b7c method=com.sun.org.apache.xerces.internal.dom.NamedNodeMapImpl.findNamePoint(Ljava/lang/String;Ljava/lang/String;)I @ 105
Event: 10235.393 Thread 0x00007fe67701c000 Uncommon trap: reason=class_check action=maybe_recompile pc=0x000000011e998894 method=java.util.stream.Sink$ChainedReference.<init>(Ljava/util/stream/Sink;)V @ 9
Event: 10254.458 Thread 0x00007fe6774a7000 Uncommon trap: reason=unstable_if action=reinterpret pc=0x000000011c7e6864 method=java.lang.ref.SoftReference.get()Ljava/lang/Object; @ 6

Classes redefined (0 events):
No events

Internal exceptions (10 events):
Event: 10215.083 Thread 0x00007fe6774a7000 Exception <a 'java/lang/NoSuchMethodError': <clinit>> (0x00000007ab17fa60) thrown at [/Volumes/android/AOSP-openjdk-git/jdk8u/hotspot/src/share/vm/prims/jni.cpp, line 1613]
Event: 10215.084 Thread 0x00007fe6774a7000 Exception <a 'java/lang/NoSuchMethodError': <clinit>> (0x00000007ab18aaa0) thrown at [/Volumes/android/AOSP-openjdk-git/jdk8u/hotspot/src/share/vm/prims/jni.cpp, line 1613]
Event: 10215.116 Thread 0x00007fe6774a7000 Exception <a 'java/lang/NoSuchMethodError': <clinit>> (0x00000007ab1dc728) thrown at [/Volumes/android/AOSP-openjdk-git/jdk8u/hotspot/src/share/vm/prims/jni.cpp, line 1613]
Event: 10215.117 Thread 0x00007fe6774a7000 Exception <a 'java/lang/NoSuchMethodError': <clinit>> (0x00000007ab2cab98) thrown at [/Volumes/android/AOSP-openjdk-git/jdk8u/hotspot/src/share/vm/prims/jni.cpp, line 1613]
Event: 10215.117 Thread 0x00007fe6774a7000 Exception <a 'java/lang/NoSuchMethodError': <clinit>> (0x00000007ab2cc3a0) thrown at [/Volumes/android/AOSP-openjdk-git/jdk8u/hotspot/src/share/vm/prims/jni.cpp, line 1613]
Event: 10226.894 Thread 0x00007fe6708cf800 Exception <a 'java/lang/NoSuchMethodError': <clinit>> (0x00000007acb64ec8) thrown at [/Volumes/android/AOSP-openjdk-git/jdk8u/hotspot/src/share/vm/prims/jni.cpp, line 1613]
Event: 10226.894 Thread 0x00007fe6708cf800 Exception <a 'java/lang/NoSuchMethodError': <clinit>> (0x00000007acb6b8e8) thrown at [/Volumes/android/AOSP-openjdk-git/jdk8u/hotspot/src/share/vm/prims/jni.cpp, line 1613]
Event: 10233.871 Thread 0x00007fe6774a7000 Implicit null exception at 0x000000011e2a87e8 to 0x000000011e2a8b69
Event: 10257.875 Thread 0x00007fe6774a7000 JVM_StopThread thread JavaThread 0x00007fe6756af800 as oop 0x00000007b3703e88 [exception 0x000070000683f338]
Event: 10257.907 Thread 0x00007fe6774a7000 Exception <a 'java/lang/NoSuchMethodError': <clinit>> (0x00000007b37bcc58) thrown at [/Volumes/android/AOSP-openjdk-git/jdk8u/hotspot/src/share/vm/prims/jni.cpp, line 1613]

Events (10 events):
Event: 10255.555 Thread 0x00007fe6756af800 Thread added: 0x00007fe6756af800
Event: 10257.875 Executing VM operation: ThreadStop
Event: 10257.875 Executing VM operation: ThreadStop done
Event: 10257.876 Executing VM operation: RevokeBias
Event: 10257.876 Executing VM operation: RevokeBias done
Event: 10257.907 Thread 0x00007fe67437f800 Thread added: 0x00007fe67437f800
Event: 10257.907 Thread 0x00007fe6740de000 Thread added: 0x00007fe6740de000
Event: 10257.907 Executing VM operation: RevokeBias
Event: 10257.908 Executing VM operation: RevokeBias done
Event: 10257.908 Executing VM operation: ParallelGCSystemGC


Dynamic libraries:
0x00000000242ca000 	/System/Library/Frameworks/Cocoa.framework/Versions/A/Cocoa
0x00000000242ca000 	/System/Library/Frameworks/Security.framework/Versions/A/Security
0x00000000242ca000 	/System/Library/Frameworks/ApplicationServices.framework/Versions/A/ApplicationServices
0x00000000242ca000 	/usr/lib/libz.1.dylib
0x00000000242ca000 	/usr/lib/libSystem.B.dylib
0x00000000242ca000 	/System/Library/Frameworks/CoreFoundation.framework/Versions/A/CoreFoundation
0x00000000242ca000 	/System/Library/Frameworks/Foundation.framework/Versions/C/Foundation
0x00000000242ca000 	/usr/lib/libobjc.A.dylib
0x00000000242ca000 	/System/Library/Frameworks/AppKit.framework/Versions/C/AppKit
0x00000000242ca000 	/System/Library/Frameworks/CoreData.framework/Versions/A/CoreData
0x00000000242ca000 	/System/Library/PrivateFrameworks/RemoteViewServices.framework/Versions/A/RemoteViewServices
0x00000000242ca000 	/System/Library/PrivateFrameworks/UIFoundation.framework/Versions/A/UIFoundation
0x00000000242ca000 	/System/Library/PrivateFrameworks/DFRFoundation.framework/Versions/A/DFRFoundation
0x00000000242ca000 	/System/Library/Frameworks/Metal.framework/Versions/A/Metal
0x00000000242ca000 	/System/Library/PrivateFrameworks/DesktopServicesPriv.framework/Versions/A/DesktopServicesPriv
0x00000000242ca000 	/usr/lib/libenergytrace.dylib
0x00000000242ca000 	/System/Library/PrivateFrameworks/SkyLight.framework/Versions/A/SkyLight
0x00000000242ca000 	/System/Library/Frameworks/CoreGraphics.framework/Versions/A/CoreGraphics
0x00000000242ca000 	/usr/lib/libScreenReader.dylib
0x00000000242ca000 	/System/Library/Frameworks/Accelerate.framework/Versions/A/Accelerate
0x00000000242ca000 	/System/Library/Frameworks/IOSurface.framework/Versions/A/IOSurface
0x00000000242ca000 	/System/Library/Frameworks/AudioToolbox.framework/Versions/A/AudioToolbox
0x00000000242ca000 	/System/Library/Frameworks/AudioUnit.framework/Versions/A/AudioUnit
0x00000000242ca000 	/System/Library/PrivateFrameworks/DataDetectorsCore.framework/Versions/A/DataDetectorsCore
0x00000000242ca000 	/System/Library/Frameworks/Carbon.framework/Versions/A/Frameworks/HIToolbox.framework/Versions/A/HIToolbox
0x00000000242ca000 	/usr/lib/libicucore.A.dylib
0x00000000242ca000 	/System/Library/Frameworks/QuartzCore.framework/Versions/A/QuartzCore
0x00000000242ca000 	/System/Library/Frameworks/Carbon.framework/Versions/A/Frameworks/SpeechRecognition.framework/Versions/A/SpeechRecognition
0x00000000242ca000 	/usr/lib/libauto.dylib
0x00000000242ca000 	/usr/lib/libxml2.2.dylib
0x00000000242ca000 	/System/Library/PrivateFrameworks/CoreUI.framework/Versions/A/CoreUI
0x00000000242ca000 	/System/Library/Frameworks/CoreAudio.framework/Versions/A/CoreAudio
0x00000000242ca000 	/System/Library/Frameworks/DiskArbitration.framework/Versions/A/DiskArbitration
0x00000000242ca000 	/usr/lib/liblangid.dylib
0x00000000242ca000 	/System/Library/PrivateFrameworks/MultitouchSupport.framework/Versions/A/MultitouchSupport
0x00000000242ca000 	/System/Library/Frameworks/IOKit.framework/Versions/A/IOKit
0x00000000242ca000 	/usr/lib/libDiagnosticMessagesClient.dylib
0x00000000242ca000 	/System/Library/Frameworks/CoreServices.framework/Versions/A/CoreServices
0x00000000242ca000 	/System/Library/PrivateFrameworks/PerformanceAnalysis.framework/Versions/A/PerformanceAnalysis
0x00000000242ca000 	/System/Library/Frameworks/OpenGL.framework/Versions/A/OpenGL
0x00000000242ca000 	/System/Library/Frameworks/ColorSync.framework/Versions/A/ColorSync
0x00000000242ca000 	/System/Library/Frameworks/CoreImage.framework/Versions/A/CoreImage
0x00000000242ca000 	/System/Library/Frameworks/CoreText.framework/Versions/A/CoreText
0x00000000242ca000 	/System/Library/Frameworks/ImageIO.framework/Versions/A/ImageIO
0x00000000242ca000 	/System/Library/PrivateFrameworks/Backup.framework/Versions/A/Backup
0x00000000242ca000 	/usr/lib/libarchive.2.dylib
0x00000000242ca000 	/System/Library/Frameworks/CFNetwork.framework/Versions/A/CFNetwork
0x00000000242ca000 	/System/Library/Frameworks/SystemConfiguration.framework/Versions/A/SystemConfiguration
0x00000000242ca000 	/usr/lib/libCRFSuite.dylib
0x00000000242ca000 	/usr/lib/libc++.1.dylib
0x00000000242ca000 	/usr/lib/libc++abi.dylib
0x00000000242ca000 	/usr/lib/system/libcache.dylib
0x00000000242ca000 	/usr/lib/system/libcommonCrypto.dylib
0x00000000242ca000 	/usr/lib/system/libcompiler_rt.dylib
0x00000000242ca000 	/usr/lib/system/libcopyfile.dylib
0x00000000242ca000 	/usr/lib/system/libcorecrypto.dylib
0x00000000242ca000 	/usr/lib/system/libdispatch.dylib
0x00000000242ca000 	/usr/lib/system/libdyld.dylib
0x00000000242ca000 	/usr/lib/system/libkeymgr.dylib
0x00000000242ca000 	/usr/lib/system/liblaunch.dylib
0x00000000242ca000 	/usr/lib/system/libmacho.dylib
0x00000000242ca000 	/usr/lib/system/libquarantine.dylib
0x00000000242ca000 	/usr/lib/system/libremovefile.dylib
0x00000000242ca000 	/usr/lib/system/libsystem_asl.dylib
0x00000000242ca000 	/usr/lib/system/libsystem_blocks.dylib
0x00000000242ca000 	/usr/lib/system/libsystem_c.dylib
0x00000000242ca000 	/usr/lib/system/libsystem_configuration.dylib
0x00000000242ca000 	/usr/lib/system/libsystem_coreservices.dylib
0x00000000242ca000 	/usr/lib/system/libsystem_darwin.dylib
0x00000000242ca000 	/usr/lib/system/libsystem_dnssd.dylib
0x00000000242ca000 	/usr/lib/system/libsystem_info.dylib
0x00000000242ca000 	/usr/lib/system/libsystem_m.dylib
0x00000000242ca000 	/usr/lib/system/libsystem_malloc.dylib
0x00000000242ca000 	/usr/lib/system/libsystem_network.dylib
0x00000000242ca000 	/usr/lib/system/libsystem_networkextension.dylib
0x00000000242ca000 	/usr/lib/system/libsystem_notify.dylib
0x00000000242ca000 	/usr/lib/system/libsystem_sandbox.dylib
0x00000000242ca000 	/usr/lib/system/libsystem_secinit.dylib
0x00000000242ca000 	/usr/lib/system/libsystem_kernel.dylib
0x00000000242ca000 	/usr/lib/system/libsystem_platform.dylib
0x00000000242ca000 	/usr/lib/system/libsystem_pthread.dylib
0x00000000242ca000 	/usr/lib/system/libsystem_symptoms.dylib
0x00000000242ca000 	/usr/lib/system/libsystem_trace.dylib
0x00000000242ca000 	/usr/lib/system/libunwind.dylib
0x00000000242ca000 	/usr/lib/system/libxpc.dylib
0x00000000242ca000 	/usr/lib/closure/libclosured.dylib
0x00000000242ca000 	/usr/lib/libbsm.0.dylib
0x00000000242ca000 	/usr/lib/system/libkxld.dylib
0x00000000242ca000 	/usr/lib/libOpenScriptingUtil.dylib
0x00000000242ca000 	/usr/lib/libcoretls.dylib
0x00000000242ca000 	/usr/lib/libcoretls_cfhelpers.dylib
0x00000000242ca000 	/usr/lib/libpam.2.dylib
0x00000000242ca000 	/usr/lib/libsqlite3.dylib
0x00000000242ca000 	/usr/lib/libxar.1.dylib
0x00000000242ca000 	/usr/lib/libbz2.1.0.dylib
0x00000000242ca000 	/usr/lib/liblzma.5.dylib
0x00000000242ca000 	/usr/lib/libnetwork.dylib
0x00000000242ca000 	/usr/lib/libapple_nghttp2.dylib
0x00000000242ca000 	/usr/lib/libpcap.A.dylib
0x00000000242ca000 	/usr/lib/libboringssl.dylib
0x00000000242ca000 	/usr/lib/libusrtcp.dylib
0x00000000242ca000 	/usr/lib/libapple_crypto.dylib
0x00000000242ca000 	/System/Library/Frameworks/CoreServices.framework/Versions/A/Frameworks/FSEvents.framework/Versions/A/FSEvents
0x00000000242ca000 	/System/Library/Frameworks/CoreServices.framework/Versions/A/Frameworks/CarbonCore.framework/Versions/A/CarbonCore
0x00000000242ca000 	/System/Library/Frameworks/CoreServices.framework/Versions/A/Frameworks/Metadata.framework/Versions/A/Metadata
0x00000000242ca000 	/System/Library/Frameworks/CoreServices.framework/Versions/A/Frameworks/OSServices.framework/Versions/A/OSServices
0x00000000242ca000 	/System/Library/Frameworks/CoreServices.framework/Versions/A/Frameworks/SearchKit.framework/Versions/A/SearchKit
0x00000000242ca000 	/System/Library/Frameworks/CoreServices.framework/Versions/A/Frameworks/AE.framework/Versions/A/AE
0x00000000242ca000 	/System/Library/Frameworks/CoreServices.framework/Versions/A/Frameworks/LaunchServices.framework/Versions/A/LaunchServices
0x00000000242ca000 	/System/Library/Frameworks/CoreServices.framework/Versions/A/Frameworks/DictionaryServices.framework/Versions/A/DictionaryServices
0x00000000242ca000 	/System/Library/Frameworks/CoreServices.framework/Versions/A/Frameworks/SharedFileList.framework/Versions/A/SharedFileList
0x00000000242ca000 	/System/Library/Frameworks/NetFS.framework/Versions/A/NetFS
0x00000000242ca000 	/System/Library/PrivateFrameworks/NetAuth.framework/Versions/A/NetAuth
0x00000000242ca000 	/System/Library/PrivateFrameworks/login.framework/Versions/A/Frameworks/loginsupport.framework/Versions/A/loginsupport
0x00000000242ca000 	/System/Library/PrivateFrameworks/TCC.framework/Versions/A/TCC
0x00000000242ca000 	/usr/lib/libmecabra.dylib
0x00000000242ca000 	/System/Library/Frameworks/ApplicationServices.framework/Versions/A/Frameworks/ATS.framework/Versions/A/ATS
0x00000000242ca000 	/System/Library/Frameworks/ApplicationServices.framework/Versions/A/Frameworks/ColorSyncLegacy.framework/Versions/A/ColorSyncLegacy
0x00000000242ca000 	/System/Library/Frameworks/ApplicationServices.framework/Versions/A/Frameworks/HIServices.framework/Versions/A/HIServices
0x00000000242ca000 	/System/Library/Frameworks/ApplicationServices.framework/Versions/A/Frameworks/LangAnalysis.framework/Versions/A/LangAnalysis
0x00000000242ca000 	/System/Library/Frameworks/ApplicationServices.framework/Versions/A/Frameworks/PrintCore.framework/Versions/A/PrintCore
0x00000000242ca000 	/System/Library/Frameworks/ApplicationServices.framework/Versions/A/Frameworks/QD.framework/Versions/A/QD
0x00000000242ca000 	/System/Library/Frameworks/ApplicationServices.framework/Versions/A/Frameworks/SpeechSynthesis.framework/Versions/A/SpeechSynthesis
0x00000000242ca000 	/System/Library/Frameworks/CoreDisplay.framework/Versions/A/CoreDisplay
0x00000000242ca000 	/System/Library/Frameworks/Accelerate.framework/Versions/A/Frameworks/vImage.framework/Versions/A/vImage
0x00000000242ca000 	/System/Library/Frameworks/Accelerate.framework/Versions/A/Frameworks/vecLib.framework/Versions/A/vecLib
0x00000000242ca000 	/System/Library/Frameworks/Accelerate.framework/Versions/A/Frameworks/vecLib.framework/Versions/A/libvDSP.dylib
0x00000000242ca000 	/System/Library/Frameworks/Accelerate.framework/Versions/A/Frameworks/vecLib.framework/Versions/A/libBNNS.dylib
0x00000000242ca000 	/System/Library/Frameworks/Accelerate.framework/Versions/A/Frameworks/vecLib.framework/Versions/A/libQuadrature.dylib
0x00000000242ca000 	/System/Library/Frameworks/Accelerate.framework/Versions/A/Frameworks/vecLib.framework/Versions/A/libvMisc.dylib
0x00000000242ca000 	/System/Library/Frameworks/Accelerate.framework/Versions/A/Frameworks/vecLib.framework/Versions/A/libLAPACK.dylib
0x00000000242ca000 	/System/Library/Frameworks/Accelerate.framework/Versions/A/Frameworks/vecLib.framework/Versions/A/libBLAS.dylib
0x00000000242ca000 	/System/Library/Frameworks/Accelerate.framework/Versions/A/Frameworks/vecLib.framework/Versions/A/libLinearAlgebra.dylib
0x00000000242ca000 	/System/Library/Frameworks/Accelerate.framework/Versions/A/Frameworks/vecLib.framework/Versions/A/libSparse.dylib
0x00000000242ca000 	/System/Library/Frameworks/Accelerate.framework/Versions/A/Frameworks/vecLib.framework/Versions/A/libSparseBLAS.dylib
0x00000000242ca000 	/System/Library/PrivateFrameworks/IOAccelerator.framework/Versions/A/IOAccelerator
0x00000000242ca000 	/System/Library/PrivateFrameworks/IOPresentment.framework/Versions/A/IOPresentment
0x00000000242ca000 	/System/Library/PrivateFrameworks/DSExternalDisplay.framework/Versions/A/DSExternalDisplay
0x00000000242ca000 	/System/Library/Frameworks/OpenGL.framework/Versions/A/Libraries/libCoreFSCache.dylib
0x00000000242ca000 	/System/Library/Frameworks/CoreVideo.framework/Versions/A/CoreVideo
0x00000000242ca000 	/System/Library/PrivateFrameworks/GraphVisualizer.framework/Versions/A/GraphVisualizer
0x00000000242ca000 	/System/Library/Frameworks/MetalPerformanceShaders.framework/Versions/A/MetalPerformanceShaders
0x00000000242ca000 	/usr/lib/libFosl_dynamic.dylib
0x00000000242ca000 	/System/Library/PrivateFrameworks/FaceCore.framework/Versions/A/FaceCore
0x00000000242ca000 	/System/Library/Frameworks/OpenCL.framework/Versions/A/OpenCL
0x00000000242ca000 	/usr/lib/libcompression.dylib
0x00000000242ca000 	/System/Library/Frameworks/ApplicationServices.framework/Versions/A/Frameworks/ATS.framework/Versions/A/Resources/libFontParser.dylib
0x00000000242ca000 	/System/Library/Frameworks/ApplicationServices.framework/Versions/A/Frameworks/ATS.framework/Versions/A/Resources/libFontRegistry.dylib
0x00000000242ca000 	/System/Library/Frameworks/ImageIO.framework/Versions/A/Resources/libJPEG.dylib
0x00000000242ca000 	/System/Library/Frameworks/ImageIO.framework/Versions/A/Resources/libTIFF.dylib
0x00000000242ca000 	/System/Library/Frameworks/ImageIO.framework/Versions/A/Resources/libPng.dylib
0x00000000242ca000 	/System/Library/Frameworks/ImageIO.framework/Versions/A/Resources/libGIF.dylib
0x00000000242ca000 	/System/Library/Frameworks/ImageIO.framework/Versions/A/Resources/libJP2.dylib
0x00000000242ca000 	/System/Library/Frameworks/ImageIO.framework/Versions/A/Resources/libRadiance.dylib
0x00000000242ca000 	/System/Library/PrivateFrameworks/AppleJPEG.framework/Versions/A/AppleJPEG
0x00000000242ca000 	/System/Library/PrivateFrameworks/MetalTools.framework/Versions/A/MetalTools
0x00000000242ca000 	/System/Library/Frameworks/MetalPerformanceShaders.framework/Frameworks/MPSCore.framework/Versions/A/MPSCore
0x00000000242ca000 	/System/Library/Frameworks/MetalPerformanceShaders.framework/Frameworks/MPSImage.framework/Versions/A/MPSImage
0x00000000242ca000 	/System/Library/Frameworks/MetalPerformanceShaders.framework/Frameworks/MPSMatrix.framework/Versions/A/MPSMatrix
0x00000000242ca000 	/System/Library/Frameworks/MetalPerformanceShaders.framework/Frameworks/MPSNeuralNetwork.framework/Versions/A/MPSNeuralNetwork
0x00000000242ca000 	/System/Library/Frameworks/OpenGL.framework/Versions/A/Libraries/libGLU.dylib
0x00000000242ca000 	/System/Library/Frameworks/OpenGL.framework/Versions/A/Libraries/libGFXShared.dylib
0x00000000242ca000 	/System/Library/Frameworks/OpenGL.framework/Versions/A/Libraries/libGL.dylib
0x00000000242ca000 	/System/Library/Frameworks/OpenGL.framework/Versions/A/Libraries/libGLImage.dylib
0x00000000242ca000 	/System/Library/Frameworks/OpenGL.framework/Versions/A/Libraries/libCVMSPluginSupport.dylib
0x00000000242ca000 	/System/Library/Frameworks/OpenGL.framework/Versions/A/Libraries/libCoreVMClient.dylib
0x00000000242ca000 	/usr/lib/libcups.2.dylib
0x00000000242ca000 	/System/Library/Frameworks/Kerberos.framework/Versions/A/Kerberos
0x00000000242ca000 	/System/Library/Frameworks/GSS.framework/Versions/A/GSS
0x00000000242ca000 	/usr/lib/libresolv.9.dylib
0x00000000242ca000 	/usr/lib/libiconv.2.dylib
0x00000000242ca000 	/System/Library/PrivateFrameworks/Heimdal.framework/Versions/A/Heimdal
0x00000000242ca000 	/usr/lib/libheimdal-asn1.dylib
0x00000000242ca000 	/System/Library/Frameworks/OpenDirectory.framework/Versions/A/OpenDirectory
0x00000000242ca000 	/System/Library/PrivateFrameworks/CommonAuth.framework/Versions/A/CommonAuth
0x00000000242ca000 	/System/Library/Frameworks/OpenDirectory.framework/Versions/A/Frameworks/CFOpenDirectory.framework/Versions/A/CFOpenDirectory
0x00000000242ca000 	/System/Library/Frameworks/SecurityFoundation.framework/Versions/A/SecurityFoundation
0x00000000242ca000 	/System/Library/PrivateFrameworks/APFS.framework/Versions/A/APFS
0x00000000242ca000 	/usr/lib/libutil.dylib
0x00000000242ca000 	/System/Library/PrivateFrameworks/AppleSauce.framework/Versions/A/AppleSauce
0x00000000242ca000 	/System/Library/PrivateFrameworks/LinguisticData.framework/Versions/A/LinguisticData
0x00000000242ca000 	/usr/lib/libmarisa.dylib
0x00000000242ca000 	/System/Library/PrivateFrameworks/Lexicon.framework/Versions/A/Lexicon
0x00000000242ca000 	/usr/lib/libChineseTokenizer.dylib
0x00000000242ca000 	/usr/lib/libcmph.dylib
0x00000000242ca000 	/System/Library/PrivateFrameworks/LanguageModeling.framework/Versions/A/LanguageModeling
0x00000000242ca000 	/System/Library/PrivateFrameworks/CoreEmoji.framework/Versions/A/CoreEmoji
0x00000000242ca000 	/System/Library/Frameworks/ServiceManagement.framework/Versions/A/ServiceManagement
0x00000000242ca000 	/System/Library/PrivateFrameworks/BackgroundTaskManagement.framework/Versions/A/BackgroundTaskManagement
0x00000000242ca000 	/usr/lib/libxslt.1.dylib
0x00000000242ca000 	/System/Library/Frameworks/Carbon.framework/Versions/A/Frameworks/Ink.framework/Versions/A/Ink
0x00000000242ca000 	/System/Library/PrivateFrameworks/TextureIO.framework/Versions/A/TextureIO
0x00000000242ca000 	/usr/lib/libate.dylib
0x00000000242ca000 	/System/Library/PrivateFrameworks/CrashReporterSupport.framework/Versions/A/CrashReporterSupport
0x00000000242ca000 	/System/Library/PrivateFrameworks/Sharing.framework/Versions/A/Sharing
0x00000000242ca000 	/System/Library/PrivateFrameworks/IconServices.framework/Versions/A/IconServices
0x00000000242ca000 	/System/Library/PrivateFrameworks/ProtocolBuffer.framework/Versions/A/ProtocolBuffer
0x00000000242ca000 	/System/Library/PrivateFrameworks/Apple80211.framework/Versions/A/Apple80211
0x00000000242ca000 	/System/Library/Frameworks/CoreWLAN.framework/Versions/A/CoreWLAN
0x00000000242ca000 	/System/Library/PrivateFrameworks/CoreUtils.framework/Versions/A/CoreUtils
0x00000000242ca000 	/System/Library/Frameworks/IOBluetooth.framework/Versions/A/IOBluetooth
0x00000000242ca000 	/System/Library/PrivateFrameworks/CoreWiFi.framework/Versions/A/CoreWiFi
0x00000000242ca000 	/System/Library/Frameworks/CoreBluetooth.framework/Versions/A/CoreBluetooth
0x00000000242ca000 	/System/Library/PrivateFrameworks/SignpostNotification.framework/Versions/A/SignpostNotification
0x00000000242ca000 	/System/Library/PrivateFrameworks/DebugSymbols.framework/Versions/A/DebugSymbols
0x00000000242ca000 	/System/Library/PrivateFrameworks/CoreSymbolication.framework/Versions/A/CoreSymbolication
0x00000000242ca000 	/System/Library/PrivateFrameworks/Symbolication.framework/Versions/A/Symbolication
0x00000000242ca000 	/System/Library/PrivateFrameworks/AppleFSCompression.framework/Versions/A/AppleFSCompression
0x00000000242ca000 	/System/Library/PrivateFrameworks/SpeechRecognitionCore.framework/Versions/A/SpeechRecognitionCore
0x000000010ce00000 	/Applications/Android Studio.app/Contents/jre/jdk/Contents/Home/jre/lib/server/libjvm.dylib
0x00000000242ca000 	/usr/lib/libstdc++.6.0.9.dylib
0x000000010c413000 	/Applications/Android Studio.app/Contents/jre/jdk/Contents/Home/jre/lib/libverify.dylib
0x000000010c41f000 	/Applications/Android Studio.app/Contents/jre/jdk/Contents/Home/jre/lib/libjava.dylib
0x000000010c49d000 	/Applications/Android Studio.app/Contents/jre/jdk/Contents/Home/jre/lib/libzip.dylib
0x000000011338f000 	/Applications/Android Studio.app/Contents/jre/jdk/Contents/Home/jre/lib/libnet.dylib
0x00000001133ee000 	/Applications/Android Studio.app/Contents/jre/jdk/Contents/Home/jre/lib/libnio.dylib
0x0000000113518000 	/Users/omar/.gradle/native/25/osx-amd64/libnative-platform.dylib
0x0000000113920000 	/Applications/Android Studio.app/Contents/jre/jdk/Contents/Home/jre/lib/libmanagement.dylib
0x00000001133fe000 	/Applications/Android Studio.app/Contents/jre/jdk/Contents/Home/jre/lib/libsunec.dylib
0x0000000113337000 	/private/var/folders/rm/9v60bv2d7f3bbytt260x5mg80000gq/T/native-platform8431891527926033820dir/libnative-platform.dylib

VM Arguments:
jvm_args: -Xmx1536m -Dfile.encoding=UTF-8 -Duser.country=US -Duser.language=en -Duser.variant 
java_command: org.gradle.launcher.daemon.bootstrap.GradleDaemon 4.4
java_class_path (initial): /Users/omar/.gradle/wrapper/dists/gradle-4.4-all/9br9xq1tocpiv8o6njlyu5op1/gradle-4.4/lib/gradle-launcher-4.4.jar
Launcher Type: SUN_STANDARD

Environment Variables:
PATH=/Users/omar/.local/bin:/usr/local/bin:/usr/bin:/bin:/usr/sbin:/sbin:/Library/Frameworks/Mono.framework/Versions/Current/Commands
SHELL=/bin/bash

Signal Handlers:
SIGSEGV: [libjvm.dylib+0x53f567], sa_mask[0]=11111111011111110111111111111111, sa_flags=SA_ONSTACK|SA_RESTART|SA_SIGINFO
SIGBUS: [libjvm.dylib+0x53f567], sa_mask[0]=11111111011111110111111111111111, sa_flags=SA_RESTART|SA_SIGINFO
SIGFPE: [libjvm.dylib+0x437adf], sa_mask[0]=11111111011111110111111111111111, sa_flags=SA_RESTART|SA_SIGINFO
SIGPIPE: [libjvm.dylib+0x437adf], sa_mask[0]=11111111011111110111111111111111, sa_flags=SA_RESTART|SA_SIGINFO
SIGXFSZ: [libjvm.dylib+0x437adf], sa_mask[0]=11111111011111110111111111111111, sa_flags=SA_RESTART|SA_SIGINFO
SIGILL: [libjvm.dylib+0x437adf], sa_mask[0]=11111111011111110111111111111111, sa_flags=SA_RESTART|SA_SIGINFO
SIGUSR1: SIG_DFL, sa_mask[0]=00000000000000000000000000000000, sa_flags=none
SIGUSR2: [libjvm.dylib+0x438404], sa_mask[0]=00100000000000000000000000000000, sa_flags=SA_RESTART|SA_SIGINFO
SIGHUP: [libjvm.dylib+0x4365f9], sa_mask[0]=11111111011111110111111111111111, sa_flags=SA_RESTART|SA_SIGINFO
SIGINT: [libjvm.dylib+0x4365f9], sa_mask[0]=11111111011111110111111111111111, sa_flags=SA_RESTART|SA_SIGINFO
SIGTERM: [libjvm.dylib+0x4365f9], sa_mask[0]=11111111011111110111111111111111, sa_flags=SA_RESTART|SA_SIGINFO
SIGQUIT: [libjvm.dylib+0x4365f9], sa_mask[0]=11111111011111110111111111111111, sa_flags=SA_RESTART|SA_SIGINFO


---------------  S Y S T E M  ---------------

OS:Bsduname:Darwin 17.4.0 Darwin Kernel Version 17.4.0: Sun Dec 17 09:19:54 PST 2017; root:xnu-4570.41.2~1/RELEASE_X86_64 x86_64
rlimit: STACK 8192k, CORE 0k, NPROC 1418, NOFILE 10240, AS infinity
load average:3.30 2.27 1.69

CPU:total 4 (initial active 4) (4 cores per cpu, 1 threads per core) family 6 model 42 stepping 7, cmov, cx8, fxsr, mmx, sse, sse2, sse3, ssse3, sse4.1, sse4.2, popcnt, avx, aes, clmul, tsc, tscinvbit

Memory: 4k page, physical 16777216k(43812k free)

/proc/meminfo:


vm_info: OpenJDK 64-Bit Server VM (25.152-b01) for bsd-amd64 JRE (1.8.0_152-release-1024-b01), built by "builder" with gcc 4.2.1 Compatible Apple LLVM 8.1.0 (clang-802.0.42)

time: Mon Jul 30 23:25:09 2018
elapsed time: 10258 seconds (0d 2h 50m 58s)

